#
# A fatal error has been detected by the Java Runtime Environment:
#
#  Internal Error (os_windows_x86.cpp:143), pid=4428, tid=21700
#  guarantee(result == EXCEPTION_CONTINUE_EXECUTION) failed: Unexpected result from topLevelExceptionFilter
#
# JRE version: Java(TM) SE Runtime Environment (23.0.1+11) (build 23.0.1+11-39)
# Java VM: Java HotSpot(TM) 64-Bit Server VM (23.0.1+11-39, mixed mode, sharing, tiered, compressed oops, compressed class ptrs, g1 gc, windows-amd64)
# No core dump will be written. Minidumps are not enabled by default on client versions of Windows
#
# If you would like to submit a bug report, please visit:
#   https://bugreport.java.com/bugreport/crash.jsp
# The crash happened outside the Java Virtual Machine in native code.
# See problematic frame for where to report the bug.
#

---------------  S U M M A R Y ------------

Command Line: -Dweka.packageManager.loadPackages=false -Djava.awt.headless=true 

Host: 12th Gen Intel(R) Core(TM) i7-12650H, 16 cores, 15G,  Windows 11 , 64 bit Build 22621 (10.0.22621.4391)
Time: Mon Nov 18 14:00:54 2024 Hora estándar oeste, Sudamérica elapsed time: 92.790907 seconds (0d 0h 1m 32s)

---------------  T H R E A D  ---------------

Current thread (0x0000014d469f20d0):  JavaThread "Python Reference Queue" daemon [_thread_in_native, id=21700, stack(0x0000003712560000,0x0000003712750000) (1984K)]

Stack: [0x0000003712560000,0x0000003712750000]
Native frames: (J=compiled Java code, j=interpreted, Vv=VM code, C=native code)
V  [jvm.dll+0x6e08b9]  (no source info available)
V  [jvm.dll+0x87dc83]  (no source info available)
V  [jvm.dll+0x88010e]  (no source info available)
V  [jvm.dll+0x880797]  (no source info available)
V  [jvm.dll+0x27ae67]  (no source info available)
V  [jvm.dll+0x6e03b3]  (no source info available)
C  [ntdll.dll+0xa527f]  (no source info available)
C  [ntdll.dll+0x1e886]  (no source info available)
C  [ntdll.dll+0xa426e]  (no source info available)
C  [tcl86t.dll+0xfa3dd]  (no source info available)
C  [tcl86t.dll+0xfa412]  (no source info available)
C  [tcl86t.dll+0x15504]  (no source info available)
C  [tcl86t.dll+0x17d43]  (no source info available)
C  [_tkinter.pyd+0x3e3f]  (no source info available)
C  [python312.dll+0xaa93e]  (no source info available)
C  [python312.dll+0x67752]  (no source info available)
C  [python312.dll+0x677d8]  (no source info available)
C  [python312.dll+0x67878]  (no source info available)
C  [python312.dll+0x630c2]  (no source info available)
C  [python312.dll+0x62ce1]  (no source info available)
C  [python312.dll+0x5f097]  (no source info available)
C  [_jpype.cp312-win_amd64.pyd+0x29574]  (no source info available)
C  0x0000014d566cd207  (no source info available)

The last pc belongs to native method entry point (kind = native) (printed below).
Java frames: (J=compiled Java code, j=interpreted, Vv=VM code)
j  org.jpype.ref.JPypeReferenceNative.wake()V+0
j  org.jpype.ref.JPypeReferenceQueue$Worker.run()V+42
j  java.lang.Thread.runWith(Ljava/lang/Object;Ljava/lang/Runnable;)V+5 java.base@23.0.1
j  java.lang.Thread.run()V+19 java.base@23.0.1
v  ~StubRoutines::call_stub 0x0000014d566c0fcd
Lock stack of current Java thread (top to bottom):

native method entry point (kind = native)  [0x0000014d566ccde0, 0x0000014d566cd938]  2904 bytes
[MachCode]
  0x0000014d566ccde0: 488b 4b08 | 0fb7 492e | 584c 8d74 | ccf8 6800 | 0000 0068 | 0000 0000 | 5055 488b | ec41 5568 
  0x0000014d566cce00: 0000 0000 | 4c8b 6b08 | 4d8d 6d38 | 5348 8b53 | 0848 8b52 | 0848 8b52 | 1848 8b52 | 7048 8b12 
  0x0000014d566cce20: 5248 8b53 | 1048 85d2 | 0f84 0700 | 0000 4881 | c210 0100 | 0052 488b | 5308 488b | 5208 488b 
  0x0000014d566cce40: 5210 5249 | 8bc6 482b | c548 c1e8 | 0350 6800 | 0000 0068 | f7ff ffff | 41c6 8771 | 0400 0001 
  0x0000014d566cce60: 488b 4310 | 4885 c074 | 208b 88cc | 0000 0083 | c102 8988 | cc00 0000 | 2388 e000 | 0000 0f84 
  0x0000014d566cce80: 000a 0000 | e9cf 0000 | 0048 8b43 | 1848 85c0 | 0f85 b000 | 0000 e805 | 0000 00e9 | 9900 0000 
  0x0000014d566ccea0: 488b d348 | 8d44 2408 | 4c89 6dc0 | 498b cfc5 | f877 4989 | afb0 0300 | 0049 8987 | a003 0000 
  0x0000014d566ccec0: 4883 ec20 | 40f6 c40f | 0f84 1900 | 0000 4883 | ec08 48b8 | 9026 df3d | fc7f 0000 | ffd0 4883 
  0x0000014d566ccee0: c408 e90c | 0000 0048 | b890 26df | 3dfc 7f00 | 00ff d048 | 83c4 2049 | c787 a003 | 0000 0000 
  0x0000014d566ccf00: 0000 49c7 | 87b0 0300 | 0000 0000 | 0049 c787 | a803 0000 | 0000 0000 | c5f8 7749 | 837f 0800 
  0x0000014d566ccf20: 0f84 0500 | 0000 e995 | 3fff ff4c | 8b6d c04c | 8b75 c84e | 8d74 f500 | c348 8b43 | 1848 85c0 
  0x0000014d566ccf40: 0f84 1200 | 0000 8b48 | 0883 c102 | 8948 0823 | 481c 0f84 | 2c09 0000 | 493b a7e8 | 0400 000f 
  0x0000014d566ccf60: 8748 0000 | 0089 8424 | 00f0 ffff | 8984 2400 | e0ff ff89 | 8424 00d0 | ffff 8984 | 2400 c0ff 
  0x0000014d566ccf80: ff89 8424 | 00b0 ffff | 8984 2400 | a0ff ff89 | 8424 0090 | ffff 8984 | 2400 80ff | ff49 3ba7 
  0x0000014d566ccfa0: e004 0000 | 7607 4989 | a7e8 0400 | 0041 c687 | 7104 0000 | 0049 ba41 | ad66 3efc | 7f00 0041 
  0x0000014d566ccfc0: 803a 000f | 843e 0000 | 0048 8b55 | e849 8bcf | 4883 ec20 | 40f6 c40f | 0f84 1900 | 0000 4883 
  0x0000014d566ccfe0: ec08 48b8 | 10ee 163e | fc7f 0000 | ffd0 4883 | c408 e90c | 0000 0048 | b810 ee16 | 3efc 7f00 
  0x0000014d566cd000: 00ff d048 | 83c4 2048 | 8b5d e84c | 8b5b 0845 | 0fb7 5b2e | 41c1 e303 | 492b e348 | 83ec 2048 
  0x0000014d566cd020: 83e4 f04c | 8b5b 604d | 85db 0f85 | ab00 0000 | e805 0000 | 00e9 9900 | 0000 488b | d348 8d44 
  0x0000014d566cd040: 2408 4c89 | 6dc0 498b | cfc5 f877 | 4989 afb0 | 0300 0049 | 8987 a003 | 0000 4883 | ec20 40f6 
  0x0000014d566cd060: c40f 0f84 | 1900 0000 | 4883 ec08 | 48b8 f04d | df3d fc7f | 0000 ffd0 | 4883 c408 | e90c 0000 
  0x0000014d566cd080: 0048 b8f0 | 4ddf 3dfc | 7f00 00ff | d048 83c4 | 2049 c787 | a003 0000 | 0000 0000 | 49c7 87b0 
  0x0000014d566cd0a0: 0300 0000 | 0000 0049 | c787 a803 | 0000 0000 | 0000 c5f8 | 7749 837f | 0800 0f84 | 0500 0000 
  0x0000014d566cd0c0: e9fb 3dff | ff4c 8b6d | c04c 8b75 | c84e 8d74 | f500 c348 | 8b5d e84c | 8b5b 6041 | ffd3 488b 
  0x0000014d566cd0e0: 5de8 4889 | 4518 448b | 5b28 41f6 | c308 0f84 | 1b00 0000 | 4c8b 5b08 | 4d8b 5b08 | 4d8b 5b18 
  0x0000014d566cd100: 4d8b 5b70 | 4d8b 1b4c | 895d 1048 | 8d55 1048 | 8b43 5849 | ba60 3c17 | 3efc 7f00 | 0049 3bc2 
  0x0000014d566cd120: 0f85 ab00 | 0000 e805 | 0000 00e9 | 9900 0000 | 488b d348 | 8d44 2408 | 4c89 6dc0 | 498b cfc5 
  0x0000014d566cd140: f877 4989 | afb0 0300 | 0049 8987 | a003 0000 | 4883 ec20 | 40f6 c40f | 0f84 1900 | 0000 4883 
  0x0000014d566cd160: ec08 48b8 | f04d df3d | fc7f 0000 | ffd0 4883 | c408 e90c | 0000 0048 | b8f0 4ddf | 3dfc 7f00 
  0x0000014d566cd180: 00ff d048 | 83c4 2049 | c787 a003 | 0000 0000 | 0000 49c7 | 87b0 0300 | 0000 0000 | 0049 c787 
  0x0000014d566cd1a0: a803 0000 | 0000 0000 | c5f8 7749 | 837f 0800 | 0f84 0500 | 0000 e905 | 3dff ff4c | 8b6d c04c 
  0x0000014d566cd1c0: 8b75 c84e | 8d74 f500 | c348 8b5d | e848 8b43 | 5849 8d8f | c003 0000 | c5f8 7749 | 89af b003 
  0x0000014d566cd1e0: 0000 49ba | d8d1 6c56 | 4d01 0000 | 4d89 97a8 | 0300 0049 | 89a7 a003 | 0000 41c7 | 8744 0400 
  0x0000014d566cd200: 0004 0000 | 00ff d0c5 | f877 4883 | ec10 c5fb | 1104 2448 | 83ec 1048 | 8904 2448 | c744 2408 
  0x0000014d566cd220: 0000 0000 | 41c7 8744 | 0400 0005 | 0000 00f0 | 8344 24c0 | 0049 3baf | 4804 0000 | 0f87 0e00 
  0x0000014d566cd240: 0000 4183 | bf40 0400 | 0000 0f84 | 2000 0000 | 498b cf4c | 8be4 4883 | ec20 4883 | e4f0 48b8 
  0x0000014d566cd260: 90a9 e03d | fc7f 0000 | ffd0 498b | e44d 33e4 | 41c7 8744 | 0400 0008 | 0000 0049 | c787 a003 
  0x0000014d566cd280: 0000 0000 | 0000 49c7 | 87b0 0300 | 0000 0000 | 0049 c787 | a803 0000 | 0000 0000 | c5f8 774d 
  0x0000014d566cd2a0: 8b9f 3004 | 0000 41c7 | 8300 0100 | 0000 0000 | 0049 bbda | a56c 564d | 0100 004c | 3b5d 180f 
  0x0000014d566cd2c0: 8524 0200 | 0048 8b04 | 2448 83c4 | 1048 85c0 | 0f84 fe01 | 0000 a803 | 0f85 0800 | 0000 488b 
  0x0000014d566cd2e0: 00e9 ee01 | 0000 a801 | 0f85 0900 | 0000 488b | 40fe e9dd | 0100 0048 | 8b40 ff41 | 807f 3800 
  0x0000014d566cd300: 0f84 ce01 | 0000 4883 | f800 0f84 | c401 0000 | 4d8b 5f28 | 4983 fb00 | 0f84 1400 | 0000 4983 
  0x0000014d566cd320: eb08 4d89 | 5f28 4d03 | 5f30 4989 | 03e9 a201 | 0000 4881 | ecd0 0000 | 0048 8904 | 2448 894c 
  0x0000014d566cd340: 2408 4889 | 5424 1048 | 8974 2418 | 4889 7c24 | 204c 8944 | 2428 4c89 | 4c24 304c | 8954 2438 
  0x0000014d566cd360: 4c89 5c24 | 40c5 fb11 | 4424 50c5 | fb11 4c24 | 58c5 fb11 | 5424 60c5 | fb11 5c24 | 68c5 fb11 
  0x0000014d566cd380: 6424 70c5 | fb11 6c24 | 78c5 fb11 | b424 8000 | 0000 c5fb | 11bc 2488 | 0000 00c5 | 7b11 8424 
  0x0000014d566cd3a0: 9000 0000 | c57b 118c | 2498 0000 | 00c5 7b11 | 9424 a000 | 0000 c57b | 119c 24a8 | 0000 00c5 
  0x0000014d566cd3c0: 7b11 a424 | b000 0000 | c57b 11ac | 24b8 0000 | 00c5 7b11 | b424 c000 | 0000 c57b | 11bc 24c8 
  0x0000014d566cd3e0: 0000 0049 | 8bd7 488b | c848 83ec | 2040 f6c4 | 0f0f 8419 | 0000 0048 | 83ec 0848 | b8e0 07d4 
  0x0000014d566cd400: 3dfc 7f00 | 00ff d048 | 83c4 08e9 | 0c00 0000 | 48b8 e007 | d43d fc7f | 0000 ffd0 | 4883 c420 
  0x0000014d566cd420: c57b 10bc | 24c8 0000 | 00c5 7b10 | b424 c000 | 0000 c57b | 10ac 24b8 | 0000 00c5 | 7b10 a424 
  0x0000014d566cd440: b000 0000 | c57b 109c | 24a8 0000 | 00c5 7b10 | 9424 a000 | 0000 c57b | 108c 2498 | 0000 00c5 
  0x0000014d566cd460: 7b10 8424 | 9000 0000 | c5fb 10bc | 2488 0000 | 00c5 fb10 | b424 8000 | 0000 c5fb | 106c 2478 
  0x0000014d566cd480: c5fb 1064 | 2470 c5fb | 105c 2468 | c5fb 1054 | 2460 c5fb | 104c 2458 | c5fb 1044 | 2450 4c8b 
  0x0000014d566cd4a0: 5c24 404c | 8b54 2438 | 4c8b 4c24 | 304c 8b44 | 2428 488b | 7c24 2048 | 8b74 2418 | 488b 5424 
  0x0000014d566cd4c0: 1048 8b4c | 2408 488b | 0424 4881 | c4d0 0000 | 00c5 f877 | 4889 4510 | 4883 ec10 | 4889 0424 
  0x0000014d566cd4e0: 48c7 4424 | 0800 0000 | 0041 83bf | c804 0000 | 020f 85bf | 0000 0048 | 81ec 8000 | 0000 4889 
  0x0000014d566cd500: 4424 7848 | 894c 2470 | 4889 5424 | 6848 895c | 2460 4889 | 6c24 5048 | 8974 2448 | 4889 7c24 
  0x0000014d566cd520: 404c 8944 | 2438 4c89 | 4c24 304c | 8954 2428 | 4c89 5c24 | 204c 8964 | 2418 4c89 | 6c24 104c 
  0x0000014d566cd540: 8974 2408 | 4c89 3c24 | 4c8b e448 | 83ec 2048 | 83e4 f048 | b8c0 2217 | 3efc 7f00 | 00ff d049 
  0x0000014d566cd560: 8be4 4c8b | 3c24 4c8b | 7424 084c | 8b6c 2410 | 4c8b 6424 | 184c 8b5c | 2420 4c8b | 5424 284c 
  0x0000014d566cd580: 8b4c 2430 | 4c8b 4424 | 3848 8b7c | 2440 488b | 7424 4848 | 8b6c 2450 | 488b 5c24 | 6048 8b54 
  0x0000014d566cd5a0: 2468 488b | 4c24 7048 | 8b44 2478 | 4881 c480 | 0000 004d | 33e4 488b | 5de8 4c8b | 6b08 4d8d 
  0x0000014d566cd5c0: 6d38 4983 | 7f08 000f | 84bb 0000 | 00e8 0500 | 0000 e996 | 0000 0048 | 8d44 2408 | 4c89 6dc0 
  0x0000014d566cd5e0: 498b cfc5 | f877 4989 | afb0 0300 | 0049 8987 | a003 0000 | 4883 ec20 | 40f6 c40f | 0f84 1900 
  0x0000014d566cd600: 0000 4883 | ec08 48b8 | 006c df3d | fc7f 0000 | ffd0 4883 | c408 e90c | 0000 0048 | b800 6cdf 
  0x0000014d566cd620: 3dfc 7f00 | 00ff d048 | 83c4 2049 | c787 a003 | 0000 0000 | 0000 49c7 | 87b0 0300 | 0000 0000 
  0x0000014d566cd640: 0049 c787 | a803 0000 | 0000 0000 | c5f8 7749 | 837f 0800 | 0f84 0500 | 0000 e961 | 38ff ff4c 
  0x0000014d566cd660: 8b6d c04c | 8b75 c84e | 8d74 f500 | c348 b940 | d53e 3efc | 7f00 0048 | 83e4 f048 | b870 4a05 
  0x0000014d566cd680: 3efc 7f00 | 00ff d0f4 | 448b 5b28 | 41f6 c320 | 0f84 7901 | 0000 488d | 55a8 4c8b | 5a08 4d85 
  0x0000014d566cd6a0: db0f 85bb | 0000 00e8 | 0500 0000 | e996 0000 | 0048 8d44 | 2408 4c89 | 6dc0 498b | cfc5 f877 
  0x0000014d566cd6c0: 4989 afb0 | 0300 0049 | 8987 a003 | 0000 4883 | ec20 40f6 | c40f 0f84 | 1900 0000 | 4883 ec08 
  0x0000014d566cd6e0: 48b8 306b | df3d fc7f | 0000 ffd0 | 4883 c408 | e90c 0000 | 0048 b830 | 6bdf 3dfc | 7f00 00ff 
  0x0000014d566cd700: d048 83c4 | 2049 c787 | a003 0000 | 0000 0000 | 49c7 87b0 | 0300 0000 | 0000 0049 | c787 a803 
  0x0000014d566cd720: 0000 0000 | 0000 c5f8 | 7749 837f | 0800 0f84 | 0500 0000 | e987 37ff | ff4c 8b6d | c04c 8b75 
  0x0000014d566cd740: c84e 8d74 | f500 c348 | b940 d53e | 3efc 7f00 | 0048 83e4 | f048 b870 | 4a05 3efc | 7f00 00ff 
  0x0000014d566cd760: d0f4 4c89 | 6dc0 4c8b | 4a08 48c7 | 4208 0000 | 0000 458b | 8718 0600 | 004f 3b4c | 07f8 0f85 
  0x0000014d566cd780: 4900 0000 | 4183 af18 | 0600 0008 | 4f3b 4c07 | f00f 842a | 0000 0049 | 8b01 a802 | 0f85 1200 
  0x0000014d566cd7a0: 0000 4c8b | c049 83c8 | 01f0 4d0f | b101 0f84 | 0d00 0000 | 4183 8718 | 0600 0008 | e90c 0000 
  0x0000014d566cd7c0: 0049 ff8f | 5005 0000 | e93e 0000 | 004c 894a | 0848 8bca | 4883 ec20 | 40f6 c40f | 0f84 1900 
  0x0000014d566cd7e0: 0000 4883 | ec08 48b8 | f03d df3d | fc7f 0000 | ffd0 4883 | c408 e90c | 0000 0048 | b8f0 3ddf 
  0x0000014d566cd800: 3dfc 7f00 | 00ff d048 | 83c4 204c | 8b6d c049 | ba41 ad66 | 3efc 7f00 | 0041 803a | 000f 843e 
  0x0000014d566cd820: 0000 0048 | 8b55 e849 | 8bcf 4883 | ec20 40f6 | c40f 0f84 | 1900 0000 | 4883 ec08 | 48b8 10ee 
  0x0000014d566cd840: 163e fc7f | 0000 ffd0 | 4883 c408 | e90c 0000 | 0048 b810 | ee16 3efc | 7f00 00ff | d048 83c4 
  0x0000014d566cd860: 2048 8b04 | 2448 83c4 | 10c5 fb10 | 0424 4883 | c410 4c8b | 5d18 41ff | d34c 8b5d | f8c9 5f49 
  0x0000014d566cd880: 8be3 ffe7 | ba00 0000 | 00e8 0500 | 0000 e996 | 0000 0048 | 8d44 2408 | 4c89 6dc0 | 498b cfc5 
  0x0000014d566cd8a0: f877 4989 | afb0 0300 | 0049 8987 | a003 0000 | 4883 ec20 | 40f6 c40f | 0f84 1900 | 0000 4883 
  0x0000014d566cd8c0: ec08 48b8 | a031 df3d | fc7f 0000 | ffd0 4883 | c408 e90c | 0000 0048 | b8a0 31df | 3dfc 7f00 
  0x0000014d566cd8e0: 00ff d048 | 83c4 2049 | c787 a003 | 0000 0000 | 0000 49c7 | 87b0 0300 | 0000 0000 | 0049 c787 
  0x0000014d566cd900: a803 0000 | 0000 0000 | c5f8 7749 | 837f 0800 | 0f84 0500 | 0000 e9a5 | 35ff ff4c | 8b6d c04c 
  0x0000014d566cd920: 8b75 c84e | 8d74 f500 | c348 8b5d | e8e9 26f6 | ffff 660f | 1f44 0000 
[/MachCode]

---------------  P R O C E S S  ---------------

Threads class SMR info:
_java_thread_list=0x0000014dadc89ac0, length=15, elements={
0x0000014d4578ab50, 0x0000014d4578a4d0, 0x0000014d4578b1d0, 0x0000014d4578bed0,
0x0000014d469f06d0, 0x0000014d469f1a50, 0x0000014d469f2750, 0x0000014d456faed0,
0x0000014d456fbc50, 0x0000014d469f0d50, 0x0000014d469f13d0, 0x0000014d469f20d0,
0x0000014d469f54d0, 0x0000014d469f6ed0, 0x0000014d469f4150
}

Java Threads: ( => current thread )
  0x0000014d4578ab50 JavaThread "main"                              [_thread_in_native, id=9824, stack(0x000000370d400000,0x000000370d5f0000) (1984K)]
  0x0000014d4578a4d0 JavaThread "Reference Handler"          daemon [_thread_blocked, id=6492, stack(0x0000003710c30000,0x0000003710e20000) (1984K)]
  0x0000014d4578b1d0 JavaThread "Finalizer"                  daemon [_thread_blocked, id=10664, stack(0x0000003710e20000,0x0000003711010000) (1984K)]
  0x0000014d4578bed0 JavaThread "Signal Dispatcher"          daemon [_thread_blocked, id=18976, stack(0x0000003711010000,0x0000003711200000) (1984K)]
  0x0000014d469f06d0 JavaThread "Attach Listener"            daemon [_thread_blocked, id=3540, stack(0x0000003711200000,0x00000037113f0000) (1984K)]
  0x0000014d469f1a50 JavaThread "Service Thread"             daemon [_thread_blocked, id=1892, stack(0x00000037113f0000,0x00000037115e0000) (1984K)]
  0x0000014d469f2750 JavaThread "Monitor Deflation Thread"   daemon [_thread_blocked, id=2032, stack(0x00000037115e0000,0x00000037117d0000) (1984K)]
  0x0000014d456faed0 JavaThread "C2 CompilerThread0"         daemon [_thread_blocked, id=7664, stack(0x00000037117d0000,0x00000037119c0000) (1984K)]
  0x0000014d456fbc50 JavaThread "C1 CompilerThread0"         daemon [_thread_blocked, id=7144, stack(0x00000037119c0000,0x0000003711bb0000) (1984K)]
  0x0000014d469f0d50 JavaThread "Notification Thread"        daemon [_thread_blocked, id=7092, stack(0x0000003711da0000,0x0000003711f90000) (1984K)]
  0x0000014d469f13d0 JavaThread "Common-Cleaner"             daemon [_thread_blocked, id=20896, stack(0x0000003711f90000,0x0000003712180000) (1984K)]
=>0x0000014d469f20d0 JavaThread "Python Reference Queue"     daemon [_thread_in_native, id=21700, stack(0x0000003712560000,0x0000003712750000) (1984K)]
  0x0000014d469f54d0 JavaThread "Thread-1"                   daemon [_thread_in_native, id=18820, stack(0x0000003714460000,0x0000003714650000) (1984K)]
  0x0000014d469f6ed0 JavaThread "Thread-2"                   daemon [_thread_in_native, id=16540, stack(0x000000370d5f0000,0x000000370d7e0000) (1984K)]
  0x0000014d469f4150 JavaThread "Thread-3"                   daemon [_thread_in_native, id=100, stack(0x000000370d5f0000,0x000000370d7e0000) (1984K)]
Total: 15

Other Threads:
  0x0000014d45763ec0 VMThread "VM Thread"                           [id=9536, stack(0x0000003710a40000,0x0000003710c30000) (1984K)]
  0x0000014d453591c0 WatcherThread "VM Periodic Task Thread"        [id=5852, stack(0x0000003710850000,0x0000003710a40000) (1984K)]
  0x0000014d45766300 WorkerThread "GC Thread#0"                     [id=3620, stack(0x000000370f8d0000,0x000000370fac0000) (1984K)]
  0x0000014d457650e0 WorkerThread "GC Thread#1"                     [id=18160, stack(0x0000003712940000,0x0000003712b30000) (1984K)]
  0x0000014d457633e0 WorkerThread "GC Thread#2"                     [id=7256, stack(0x0000003712b30000,0x0000003712d20000) (1984K)]
  0x0000014d45763780 WorkerThread "GC Thread#3"                     [id=12464, stack(0x0000003712d20000,0x0000003712f10000) (1984K)]
  0x0000014d45764260 WorkerThread "GC Thread#4"                     [id=13668, stack(0x0000003712f10000,0x0000003713100000) (1984K)]
  0x0000014d656db9a0 WorkerThread "GC Thread#5"                     [id=13396, stack(0x00000037132f0000,0x00000037134e0000) (1984K)]
  0x0000014d656dcf60 WorkerThread "GC Thread#6"                     [id=12380, stack(0x00000037134e0000,0x00000037136d0000) (1984K)]
  0x0000014d656dbd40 WorkerThread "GC Thread#7"                     [id=21652, stack(0x00000037136d0000,0x00000037138c0000) (1984K)]
  0x0000014d656dc480 WorkerThread "GC Thread#8"                     [id=7896, stack(0x00000037138c0000,0x0000003713ab0000) (1984K)]
  0x0000014d656dd300 WorkerThread "GC Thread#9"                     [id=16932, stack(0x0000003713ab0000,0x0000003713ca0000) (1984K)]
  0x0000014d656da3e0 WorkerThread "GC Thread#10"                    [id=1180, stack(0x0000003714840000,0x0000003714a30000) (1984K)]
  0x0000014d656da780 WorkerThread "GC Thread#11"                    [id=12132, stack(0x0000003714a30000,0x0000003714c20000) (1984K)]
  0x0000014d45af9c40 ConcurrentGCThread "G1 Main Marker"            [id=8912, stack(0x0000003710090000,0x0000003710280000) (1984K)]
  0x0000014d457666a0 WorkerThread "G1 Conc#0"                       [id=2384, stack(0x0000003710280000,0x0000003710470000) (1984K)]
  0x0000014d4577eea0 ConcurrentGCThread "G1 Refine#0"               [id=18128, stack(0x0000003710470000,0x0000003710660000) (1984K)]
  0x0000014d4577cca0 ConcurrentGCThread "G1 Service"                [id=7736, stack(0x0000003710660000,0x0000003710850000) (1984K)]
Total: 18

Threads with active compile tasks:
Total: 0

VM state: not at safepoint (normal execution)

VM Mutex/Monitor currently owned by a thread: None

Heap address: 0x0000000705e00000, size: 4002 MB, Compressed Oops mode: Zero based, Oop shift amount: 3

CDS archive(s) mapped at: [0x0000014d67000000-0x0000014d67d70000-0x0000014d67d70000), size 14090240, SharedBaseAddress: 0x0000014d67000000, ArchiveRelocationMode: 1.
Compressed class space mapped at: 0x0000014d68000000-0x0000014da8000000, reserved size: 1073741824
Narrow klass base: 0x0000014d67000000, Narrow klass shift: 0, Narrow klass range: 0x41000000

GC Precious Log:
 CardTable entry size: 512
 Card Set container configuration: InlinePtr #cards 4 size 8 Array Of Cards #cards 16 size 48 Howl #buckets 8 coarsen threshold 3686 Howl Bitmap #cards 512 size 80 coarsen threshold 460 Card regions per heap region 1 cards per card region 4096
 CPUs: 16 total, 16 available
 Memory: 16005M
 Large Page Support: Disabled
 NUMA Support: Disabled
 Compressed Oops: Enabled (Zero based)
 Heap Region Size: 2M
 Heap Min Capacity: 8M
 Heap Initial Capacity: 252M
 Heap Max Capacity: 4002M
 Pre-touch: Disabled
 Parallel Workers: 13
 Concurrent Workers: 3
 Concurrent Refinement Workers: 13
 Periodic GC: Disabled

Heap:
 garbage-first heap   total reserved 4098048K, committed 28672K, used 11870K [0x0000000705e00000, 0x0000000800000000)
  region size 2048K, 3 young (6144K), 1 survivors (2048K)
 Metaspace       used 7311K, committed 7552K, reserved 1114112K
  class space    used 701K, committed 832K, reserved 1048576K

Heap Regions: E=young(eden), S=young(survivor), O=old, HS=humongous(starts), HC=humongous(continues), CS=collection set, F=free, TAMS=top-at-mark-start, PB=parsable bottom
|   0|0x0000000705e00000, 0x0000000705ffffc8, 0x0000000706000000| 99%| O|  |TAMS 0x0000000705e00000| PB 0x0000000705e00000| Untracked |  0
|   1|0x0000000706000000, 0x0000000706200000, 0x0000000706200000|100%| O|  |TAMS 0x0000000706000000| PB 0x0000000706000000| Untracked |  0
|   2|0x0000000706200000, 0x00000007063fffd0, 0x0000000706400000| 99%| O|  |TAMS 0x0000000706200000| PB 0x0000000706200000| Untracked |  0
|   3|0x0000000706400000, 0x00000007065ffef8, 0x0000000706600000| 99%| O|  |TAMS 0x0000000706400000| PB 0x0000000706400000| Untracked |  0
|   4|0x0000000706600000, 0x0000000706654ef0, 0x0000000706800000| 16%| O|  |TAMS 0x0000000706600000| PB 0x0000000706600000| Untracked |  0
|   5|0x0000000706800000, 0x000000070690a380, 0x0000000706a00000| 51%| O|  |TAMS 0x0000000706800000| PB 0x0000000706800000| Untracked |  0
|   6|0x0000000706a00000, 0x0000000706a00000, 0x0000000706c00000|  0%| F|  |TAMS 0x0000000706a00000| PB 0x0000000706a00000| Untracked |  0
|   7|0x0000000706c00000, 0x0000000706c00000, 0x0000000706e00000|  0%| F|  |TAMS 0x0000000706c00000| PB 0x0000000706c00000| Untracked |  0
|   8|0x0000000706e00000, 0x0000000706e00000, 0x0000000707000000|  0%| F|  |TAMS 0x0000000706e00000| PB 0x0000000706e00000| Untracked |  0
|   9|0x0000000707000000, 0x00000007070387d0, 0x0000000707200000| 11%| S|CS|TAMS 0x0000000707000000| PB 0x0000000707000000| Complete |  0
|  10|0x0000000707200000, 0x0000000707200000, 0x0000000707400000|  0%| F|  |TAMS 0x0000000707200000| PB 0x0000000707200000| Untracked |  0
|  11|0x0000000707400000, 0x0000000707400000, 0x0000000707600000|  0%| F|  |TAMS 0x0000000707400000| PB 0x0000000707400000| Untracked |  0
|  12|0x0000000707600000, 0x000000070778ee20, 0x0000000707800000| 77%| E|  |TAMS 0x0000000707600000| PB 0x0000000707600000| Complete |  0
|  13|0x0000000707800000, 0x0000000707a00000, 0x0000000707a00000|100%| E|CS|TAMS 0x0000000707800000| PB 0x0000000707800000| Complete |  0

Card table byte_map: [0x0000014d5ea50000,0x0000014d5f230000] _byte_map_base: 0x0000014d5b221000

Marking Bits: (CMBitMap*) 0x0000014d45652460
 Bits: [0x0000014d5f230000, 0x0000014d630b8000)

Polling page: 0x0000014d42dc0000

Metaspace:

Usage:
  Non-class:      6.46 MB used.
      Class:    701.32 KB used.
       Both:      7.14 MB used.

Virtual space:
  Non-class space:       64.00 MB reserved,       6.56 MB ( 10%) committed,  1 nodes.
      Class space:        1.00 GB reserved,     832.00 KB ( <1%) committed,  1 nodes.
             Both:        1.06 GB reserved,       7.38 MB ( <1%) committed. 

Chunk freelists:
   Non-Class:  8.90 MB
       Class:  15.12 MB
        Both:  24.02 MB

MaxMetaspaceSize: unlimited
CompressedClassSpaceSize: 1.00 GB
Initial GC threshold: 21.00 MB
Current GC threshold: 21.00 MB
CDS: on
 - commit_granule_bytes: 65536.
 - commit_granule_words: 8192.
 - virtual_space_node_default_size: 8388608.
 - enlarge_chunks_in_place: 1.
 - use_allocation_guard: 0.


Internal statistics:

num_allocs_failed_limit: 0.
num_arena_births: 136.
num_arena_deaths: 0.
num_vsnodes_births: 2.
num_vsnodes_deaths: 0.
num_space_committed: 118.
num_space_uncommitted: 0.
num_chunks_returned_to_freelist: 0.
num_chunks_taken_from_freelist: 250.
num_chunk_merges: 0.
num_chunk_splits: 167.
num_chunks_enlarged: 105.
num_inconsistent_stats: 0.

CodeHeap 'non-profiled nmethods': size=119232Kb used=1156Kb max_used=1156Kb free=118075Kb
 bounds [0x0000014d56e00000, 0x0000014d57070000, 0x0000014d5e270000]
CodeHeap 'profiled nmethods': size=119104Kb used=3224Kb max_used=3224Kb free=115879Kb
 bounds [0x0000014d4f270000, 0x0000014d4f5a0000, 0x0000014d566c0000]
CodeHeap 'non-nmethods': size=7424Kb used=1479Kb max_used=3186Kb free=5944Kb
 bounds [0x0000014d566c0000, 0x0000014d569f0000, 0x0000014d56e00000]
CodeCache: size=245760Kb, used=5859Kb, max_used=7566Kb, free=239898Kb
 total_blobs=2900, nmethods=2342, adapters=463, full_count=0
Compilation: enabled, stopped_count=0, restarted_count=0

Compilation events (20 events):
Event: 82.198 Thread 0x0000014d456fbc50 nmethod 2467 0x0000014d4f591488 code [0x0000014d4f5918e0, 0x0000014d4f593898]
Event: 82.198 Thread 0x0000014d456fbc50 2470       3       java.io.ObjectInputStream$BlockDataInputStream::readLong (76 bytes)
Event: 82.199 Thread 0x0000014d456fbc50 nmethod 2470 0x0000014d4f593988 code [0x0000014d4f593b80, 0x0000014d4f5946c0]
Event: 82.199 Thread 0x0000014d456fbc50 2474       3       java.lang.StringLatin1::toLowerCase (155 bytes)
Event: 82.199 Thread 0x0000014d464d6650 2471       4       java.util.HashMap::containsKey (14 bytes)
Event: 82.199 Thread 0x0000014d456fbc50 nmethod 2474 0x0000014d4f594788 code [0x0000014d4f594960, 0x0000014d4f595368]
Event: 82.199 Thread 0x0000014d456fbc50 2469       3       java.io.ObjectInputStream::readFields (71 bytes)
Event: 82.200 Thread 0x0000014d456fbc50 nmethod 2469 0x0000014d4f595408 code [0x0000014d4f5955e0, 0x0000014d4f595cf0]
Event: 82.200 Thread 0x0000014d456fbc50 2473       3       java.lang.String::toLowerCase (29 bytes)
Event: 82.200 Thread 0x0000014d456fbc50 nmethod 2473 0x0000014d4f595d88 code [0x0000014d4f595ee0, 0x0000014d4f596198]
Event: 82.205 Thread 0x0000014d464d6650 nmethod 2471 0x0000014d56f1ab88 code [0x0000014d56f1ace0, 0x0000014d56f1b1f0]
Event: 82.205 Thread 0x0000014d464d6650 2466       4       java.io.ObjectOutputStream$BlockDataOutputStream::writeDoubles (105 bytes)
Event: 82.213 Thread 0x0000014d464d6650 nmethod 2466 0x0000014d56f1b288 code [0x0000014d56f1b3c0, 0x0000014d56f1b8c0]
Event: 82.213 Thread 0x0000014d464d6650 2468       4       java.io.ObjectInputStream$BlockDataInputStream::readDoubles (148 bytes)
Event: 82.234 Thread 0x0000014d464d6650 nmethod 2468 0x0000014d56f1b988 code [0x0000014d56f1bae0, 0x0000014d56f1c290]
Event: 82.234 Thread 0x0000014d464d6650 2475 %     4       weka.classifiers.functions.MultilayerPerceptron::setClassType @ 180 (337 bytes)
Event: 82.252 Thread 0x0000014d464d6650 nmethod 2475% 0x0000014d56f1c388 code [0x0000014d56f1c5e0, 0x0000014d56f1d580]
Event: 82.254 Thread 0x0000014d464d6650 2472       4       weka.core.Instances::add (28 bytes)
Event: 82.255 Thread 0x0000014d456faed0 nmethod 2464 0x0000014d56f1d688 code [0x0000014d56f1d9a0, 0x0000014d56f203b8]
Event: 82.262 Thread 0x0000014d464d6650 nmethod 2472 0x0000014d56f20608 code [0x0000014d56f20760, 0x0000014d56f21198]

GC Heap History (20 events):
Event: 0.542 GC heap before
{Heap before GC invocations=4 (full 3):
 garbage-first heap   total reserved 4098048K, committed 14336K, used 7608K [0x0000000705e00000, 0x0000000800000000)
  region size 2048K, 2 young (4096K), 0 survivors (0K)
 Metaspace       used 3481K, committed 3648K, reserved 1114112K
  class space    used 362K, committed 448K, reserved 1048576K
}
Event: 0.544 GC heap after
{Heap after GC invocations=5 (full 3):
 garbage-first heap   total reserved 4098048K, committed 14336K, used 4035K [0x0000000705e00000, 0x0000000800000000)
  region size 2048K, 1 young (2048K), 1 survivors (2048K)
 Metaspace       used 3481K, committed 3648K, reserved 1114112K
  class space    used 362K, committed 448K, reserved 1048576K
}
Event: 0.568 GC heap before
{Heap before GC invocations=5 (full 3):
 garbage-first heap   total reserved 4098048K, committed 14336K, used 8131K [0x0000000705e00000, 0x0000000800000000)
  region size 2048K, 3 young (6144K), 1 survivors (2048K)
 Metaspace       used 3488K, committed 3648K, reserved 1114112K
  class space    used 362K, committed 448K, reserved 1048576K
}
Event: 0.570 GC heap after
{Heap after GC invocations=6 (full 3):
 garbage-first heap   total reserved 4098048K, committed 14336K, used 4375K [0x0000000705e00000, 0x0000000800000000)
  region size 2048K, 1 young (2048K), 1 survivors (2048K)
 Metaspace       used 3488K, committed 3648K, reserved 1114112K
  class space    used 362K, committed 448K, reserved 1048576K
}
Event: 0.583 GC heap before
{Heap before GC invocations=6 (full 3):
 garbage-first heap   total reserved 4098048K, committed 14336K, used 8471K [0x0000000705e00000, 0x0000000800000000)
  region size 2048K, 3 young (6144K), 1 survivors (2048K)
 Metaspace       used 3493K, committed 3648K, reserved 1114112K
  class space    used 362K, committed 448K, reserved 1048576K
}
Event: 0.585 GC heap after
{Heap after GC invocations=7 (full 3):
 garbage-first heap   total reserved 4098048K, committed 137216K, used 4729K [0x0000000705e00000, 0x0000000800000000)
  region size 2048K, 1 young (2048K), 1 survivors (2048K)
 Metaspace       used 3493K, committed 3648K, reserved 1114112K
  class space    used 362K, committed 448K, reserved 1048576K
}
Event: 0.664 GC heap before
{Heap before GC invocations=7 (full 3):
 garbage-first heap   total reserved 4098048K, committed 137216K, used 31353K [0x0000000705e00000, 0x0000000800000000)
  region size 2048K, 15 young (30720K), 1 survivors (2048K)
 Metaspace       used 3559K, committed 3712K, reserved 1114112K
  class space    used 364K, committed 448K, reserved 1048576K
}
Event: 0.674 GC heap after
{Heap after GC invocations=8 (full 4):
 garbage-first heap   total reserved 4098048K, committed 34816K, used 7184K [0x0000000705e00000, 0x0000000800000000)
  region size 2048K, 0 young (0K), 0 survivors (0K)
 Metaspace       used 3559K, committed 3712K, reserved 1114112K
  class space    used 364K, committed 448K, reserved 1048576K
}
Event: 0.702 GC heap before
{Heap before GC invocations=8 (full 4):
 garbage-first heap   total reserved 4098048K, committed 34816K, used 7184K [0x0000000705e00000, 0x0000000800000000)
  region size 2048K, 1 young (2048K), 0 survivors (0K)
 Metaspace       used 3559K, committed 3712K, reserved 1114112K
  class space    used 364K, committed 448K, reserved 1048576K
}
Event: 0.718 GC heap after
{Heap after GC invocations=9 (full 5):
 garbage-first heap   total reserved 4098048K, committed 28672K, used 7184K [0x0000000705e00000, 0x0000000800000000)
  region size 2048K, 0 young (0K), 0 survivors (0K)
 Metaspace       used 3559K, committed 3712K, reserved 1114112K
  class space    used 364K, committed 448K, reserved 1048576K
}
Event: 0.742 GC heap before
{Heap before GC invocations=9 (full 5):
 garbage-first heap   total reserved 4098048K, committed 28672K, used 7184K [0x0000000705e00000, 0x0000000800000000)
  region size 2048K, 1 young (2048K), 0 survivors (0K)
 Metaspace       used 3559K, committed 3712K, reserved 1114112K
  class space    used 364K, committed 448K, reserved 1048576K
}
Event: 0.757 GC heap after
{Heap after GC invocations=10 (full 6):
 garbage-first heap   total reserved 4098048K, committed 28672K, used 7185K [0x0000000705e00000, 0x0000000800000000)
  region size 2048K, 0 young (0K), 0 survivors (0K)
 Metaspace       used 3559K, committed 3712K, reserved 1114112K
  class space    used 364K, committed 448K, reserved 1048576K
}
Event: 0.781 GC heap before
{Heap before GC invocations=10 (full 6):
 garbage-first heap   total reserved 4098048K, committed 28672K, used 7185K [0x0000000705e00000, 0x0000000800000000)
  region size 2048K, 1 young (2048K), 0 survivors (0K)
 Metaspace       used 3559K, committed 3712K, reserved 1114112K
  class space    used 364K, committed 448K, reserved 1048576K
}
Event: 0.795 GC heap after
{Heap after GC invocations=11 (full 7):
 garbage-first heap   total reserved 4098048K, committed 28672K, used 7185K [0x0000000705e00000, 0x0000000800000000)
  region size 2048K, 0 young (0K), 0 survivors (0K)
 Metaspace       used 3559K, committed 3712K, reserved 1114112K
  class space    used 364K, committed 448K, reserved 1048576K
}
Event: 5.036 GC heap before
{Heap before GC invocations=11 (full 7):
 garbage-first heap   total reserved 4098048K, committed 28672K, used 13329K [0x0000000705e00000, 0x0000000800000000)
  region size 2048K, 4 young (8192K), 0 survivors (0K)
 Metaspace       used 4800K, committed 5120K, reserved 1114112K
  class space    used 480K, committed 640K, reserved 1048576K
}
Event: 5.077 GC heap after
{Heap after GC invocations=12 (full 8):
 garbage-first heap   total reserved 4098048K, committed 28672K, used 8531K [0x0000000705e00000, 0x0000000800000000)
  region size 2048K, 0 young (0K), 0 survivors (0K)
 Metaspace       used 4800K, committed 5120K, reserved 1114112K
  class space    used 480K, committed 640K, reserved 1048576K
}
Event: 70.477 GC heap before
{Heap before GC invocations=12 (full 8):
 garbage-first heap   total reserved 4098048K, committed 28672K, used 18771K [0x0000000705e00000, 0x0000000800000000)
  region size 2048K, 5 young (10240K), 0 survivors (0K)
 Metaspace       used 7098K, committed 7296K, reserved 1114112K
  class space    used 691K, committed 768K, reserved 1048576K
}
Event: 70.482 GC heap after
{Heap after GC invocations=13 (full 8):
 garbage-first heap   total reserved 4098048K, committed 28672K, used 9881K [0x0000000705e00000, 0x0000000800000000)
  region size 2048K, 1 young (2048K), 1 survivors (2048K)
 Metaspace       used 7098K, committed 7296K, reserved 1114112K
  class space    used 691K, committed 768K, reserved 1048576K
}
Event: 79.835 GC heap before
{Heap before GC invocations=13 (full 8):
 garbage-first heap   total reserved 4098048K, committed 28672K, used 16025K [0x0000000705e00000, 0x0000000800000000)
  region size 2048K, 5 young (10240K), 1 survivors (2048K)
 Metaspace       used 7285K, committed 7552K, reserved 1114112K
  class space    used 701K, committed 832K, reserved 1048576K
}
Event: 79.837 GC heap after
{Heap after GC invocations=14 (full 8):
 garbage-first heap   total reserved 4098048K, committed 28672K, used 9822K [0x0000000705e00000, 0x0000000800000000)
  region size 2048K, 1 young (2048K), 1 survivors (2048K)
 Metaspace       used 7285K, committed 7552K, reserved 1114112K
  class space    used 701K, committed 832K, reserved 1048576K
}

Dll operation events (7 events):
Event: 0.005 Loaded shared library C:\Program Files\Java\jdk-23\bin\java.dll
Event: 0.031 Loaded shared library C:\Program Files\Java\jdk-23\bin\jsvml.dll
Event: 0.053 Loaded shared library C:\Program Files\Java\jdk-23\bin\net.dll
Event: 0.055 Loaded shared library C:\Program Files\Java\jdk-23\bin\nio.dll
Event: 0.060 Loaded shared library C:\Program Files\Java\jdk-23\bin\zip.dll
Event: 0.140 Loaded shared library C:\Users\Ciber-2\AppData\Local\Packages\PythonSoftwareFoundation.Python.3.12_qbz5n2kfra8p0\LocalCache\local-packages\Python312\site-packages\_jpype.cp312-win_amd64.pyd
Event: 0.344 Loaded shared library C:\Program Files\Java\jdk-23\bin\jimage.dll

Deoptimization events (20 events):
Event: 79.829 Thread 0x0000014d469f4150 Uncommon trap: trap_request=0xffffffd6 fr.pc=0x0000014d56f0770c relative=0x000000000000262c
Event: 79.829 Thread 0x0000014d469f4150 Uncommon trap: reason=array_check action=maybe_recompile pc=0x0000014d56f0770c method=java.io.ObjectInputStream.readArray(Z)Ljava/lang/Object; @ 407 c2
Event: 79.829 Thread 0x0000014d469f4150 DEOPT PACKING pc=0x0000014d56f0770c sp=0x000000370d7dc660
Event: 79.829 Thread 0x0000014d469f4150 DEOPT UNPACKING pc=0x0000014d56714402 sp=0x000000370d7dc638 mode 2
Event: 79.829 Thread 0x0000014d469f4150 Uncommon trap: trap_request=0xffffffd6 fr.pc=0x0000014d56f0770c relative=0x000000000000262c
Event: 79.829 Thread 0x0000014d469f4150 Uncommon trap: reason=array_check action=maybe_recompile pc=0x0000014d56f0770c method=java.io.ObjectInputStream.readArray(Z)Ljava/lang/Object; @ 407 c2
Event: 79.829 Thread 0x0000014d469f4150 DEOPT PACKING pc=0x0000014d56f0770c sp=0x000000370d7dc130
Event: 79.829 Thread 0x0000014d469f4150 DEOPT UNPACKING pc=0x0000014d56714402 sp=0x000000370d7dc108 mode 2
Event: 79.831 Thread 0x0000014d469f4150 Uncommon trap: trap_request=0xffffffd6 fr.pc=0x0000014d56f0770c relative=0x000000000000262c
Event: 79.831 Thread 0x0000014d469f4150 Uncommon trap: reason=array_check action=maybe_recompile pc=0x0000014d56f0770c method=java.io.ObjectInputStream.readArray(Z)Ljava/lang/Object; @ 407 c2
Event: 79.831 Thread 0x0000014d469f4150 DEOPT PACKING pc=0x0000014d56f0770c sp=0x000000370d7dd5e0
Event: 79.831 Thread 0x0000014d469f4150 DEOPT UNPACKING pc=0x0000014d56714402 sp=0x000000370d7dd5b8 mode 2
Event: 79.831 Thread 0x0000014d469f4150 Uncommon trap: trap_request=0xffffffd6 fr.pc=0x0000014d56f0770c relative=0x000000000000262c
Event: 79.831 Thread 0x0000014d469f4150 Uncommon trap: reason=array_check action=maybe_recompile pc=0x0000014d56f0770c method=java.io.ObjectInputStream.readArray(Z)Ljava/lang/Object; @ 407 c2
Event: 79.831 Thread 0x0000014d469f4150 DEOPT PACKING pc=0x0000014d56f0770c sp=0x000000370d7ddb00
Event: 79.831 Thread 0x0000014d469f4150 DEOPT UNPACKING pc=0x0000014d56714402 sp=0x000000370d7ddad8 mode 2
Event: 82.195 Thread 0x0000014d469f4150 DEOPT PACKING pc=0x0000014d4f534729 sp=0x000000370d7d0800
Event: 82.195 Thread 0x0000014d469f4150 DEOPT UNPACKING pc=0x0000014d56714b22 sp=0x000000370d7cfcd8 mode 0
Event: 82.197 Thread 0x0000014d469f4150 DEOPT PACKING pc=0x0000014d4f5447ee sp=0x000000370d7db7f0
Event: 82.197 Thread 0x0000014d469f4150 DEOPT UNPACKING pc=0x0000014d56714b22 sp=0x000000370d7dad80 mode 0

Classes loaded (20 events):
Event: 70.451 Loading class jdk/internal/logger/LoggerFinderLoader$TemporaryLoggerFinder
Event: 70.451 Loading class jdk/internal/logger/LoggerFinderLoader$TemporaryLoggerFinder done
Event: 70.452 Loading class sun/util/logging/internal/LoggingProviderImpl$JULWrapper
Event: 70.452 Loading class sun/util/logging/internal/LoggingProviderImpl$JULWrapper done
Event: 70.453 Loading class java/io/ObjectInputFilter$Config$BuiltinFilterFactory
Event: 70.453 Loading class java/io/ObjectInputFilter$Config$BuiltinFilterFactory done
Event: 70.453 Loading class jdk/internal/access/JavaObjectInputFilterAccess
Event: 70.453 Loading class jdk/internal/access/JavaObjectInputFilterAccess done
Event: 70.455 Loading class jdk/internal/event/DeserializationEvent
Event: 70.455 Loading class jdk/internal/event/DeserializationEvent done
Event: 70.456 Loading class java/io/ObjectInputStream$FieldValues
Event: 70.456 Loading class java/io/ObjectInputStream$GetField
Event: 70.456 Loading class java/io/ObjectInputStream$GetField done
Event: 70.456 Loading class java/io/ObjectInputStream$FieldValues done
Event: 70.457 Loading class java/util/Hashtable$UnsafeHolder
Event: 70.457 Loading class java/util/Hashtable$UnsafeHolder done
Event: 70.488 Loading class java/util/HashMap$UnsafeHolder
Event: 70.489 Loading class java/util/HashMap$UnsafeHolder done
Event: 71.969 Loading class java/lang/invoke/MethodHandle$1
Event: 71.970 Loading class java/lang/invoke/MethodHandle$1 done

Classes unloaded (0 events):
No events

Classes redefined (0 events):
No events

Internal exceptions (20 events):
Event: 4.872 Thread 0x0000014d469f54d0 Exception <a 'java/lang/NoSuchMethodError'{0x00000007075d62e8}: 'java.lang.Object java.lang.invoke.DirectMethodHandle$Holder.invokeStaticInit(java.lang.Object, java.lang.Object, int, int, int, int)'> (0x00000007075d62e8) 
thrown [s\open\src\hotspot\share\interpreter\linkResolver.cpp, line 796]
Event: 63.450 Thread 0x0000014d469f6ed0 Exception <a 'java/lang/ClassNotFoundException'{0x00000007077a51f8}: weka/clusterers/SimpleKMeansBeanInfo> (0x00000007077a51f8) 
thrown [s\open\src\hotspot\share\classfile\systemDictionary.cpp, line 313]
Event: 63.451 Thread 0x0000014d469f6ed0 Exception <a 'java/lang/ClassNotFoundException'{0x00000007077a65d8}: weka/clusterers/SimpleKMeansCustomizer> (0x00000007077a65d8) 
thrown [s\open\src\hotspot\share\classfile\systemDictionary.cpp, line 313]
Event: 63.475 Thread 0x0000014d469f6ed0 Exception <a 'java/lang/ClassNotFoundException'{0x00000007077d5230}: weka/clusterers/RandomizableClustererBeanInfo> (0x00000007077d5230) 
thrown [s\open\src\hotspot\share\classfile\systemDictionary.cpp, line 313]
Event: 63.475 Thread 0x0000014d469f6ed0 Exception <a 'java/lang/ClassNotFoundException'{0x00000007077d5f70}: weka/clusterers/RandomizableClustererCustomizer> (0x00000007077d5f70) 
thrown [s\open\src\hotspot\share\classfile\systemDictionary.cpp, line 313]
Event: 63.476 Thread 0x0000014d469f6ed0 Exception <a 'java/lang/ClassNotFoundException'{0x00000007077dc448}: weka/clusterers/AbstractClustererBeanInfo> (0x00000007077dc448) 
thrown [s\open\src\hotspot\share\classfile\systemDictionary.cpp, line 313]
Event: 63.476 Thread 0x0000014d469f6ed0 Exception <a 'java/lang/ClassNotFoundException'{0x00000007077dd188}: weka/clusterers/AbstractClustererCustomizer> (0x00000007077dd188) 
thrown [s\open\src\hotspot\share\classfile\systemDictionary.cpp, line 313]
Event: 68.670 Thread 0x0000014d469f4150 Exception <a 'java/lang/ClassNotFoundException'{0x0000000707259268}: weka/classifiers/functions/MultilayerPerceptronBeanInfo> (0x0000000707259268) 
thrown [s\open\src\hotspot\share\classfile\systemDictionary.cpp, line 313]
Event: 68.670 Thread 0x0000014d469f4150 Exception <a 'java/lang/ClassNotFoundException'{0x000000070725a058}: weka/classifiers/functions/MultilayerPerceptronCustomizer> (0x000000070725a058) 
thrown [s\open\src\hotspot\share\classfile\systemDictionary.cpp, line 313]
Event: 68.674 Thread 0x0000014d469f4150 Exception <a 'java/lang/ClassNotFoundException'{0x000000070727a9f0}: weka/classifiers/AbstractClassifierBeanInfo> (0x000000070727a9f0) 
thrown [s\open\src\hotspot\share\classfile\systemDictionary.cpp, line 313]
Event: 68.674 Thread 0x0000014d469f4150 Exception <a 'java/lang/ClassNotFoundException'{0x000000070727b980}: weka/classifiers/AbstractClassifierCustomizer> (0x000000070727b980) 
thrown [s\open\src\hotspot\share\classfile\systemDictionary.cpp, line 313]
Event: 70.388 Thread 0x0000014d469f4150 Exception <a 'java/lang/NoSuchMethodError'{0x000000070703b4d8}: 'long java.lang.invoke.DirectMethodHandle$Holder.invokeSpecial(java.lang.Object, java.lang.Object)'> (0x000000070703b4d8) 
thrown [s\open\src\hotspot\share\interpreter\linkResolver.cpp, line 796]
Event: 70.389 Thread 0x0000014d469f4150 Exception <a 'java/lang/NoSuchMethodError'{0x000000070703e918}: 'long java.lang.invoke.Invokers$Holder.invokeExact_MT(java.lang.Object, java.lang.Object)'> (0x000000070703e918) 
thrown [s\open\src\hotspot\share\interpreter\linkResolver.cpp, line 796]
Event: 70.397 Thread 0x0000014d469f4150 Exception <a 'java/lang/NoSuchMethodError'{0x00000007070641a0}: static Lweka/core/NominalAttributeInfo;.<clinit>()V> (0x00000007070641a0) 
thrown [s\open\src\hotspot\share\prims\jni.cpp, line 1111]
Event: 70.402 Thread 0x0000014d469f4150 Exception <a 'java/lang/NoSuchMethodError'{0x0000000707087fd0}: static [D.<clinit>()V> (0x0000000707087fd0) 
thrown [s\open\src\hotspot\share\prims\jni.cpp, line 1111]
Event: 70.402 Thread 0x0000014d469f4150 Exception <a 'java/lang/NoSuchMethodError'{0x0000000707088ea8}: static [Lweka/classifiers/functions/MultilayerPerceptron$NeuralEnd;.<clinit>()V> (0x0000000707088ea8) 
thrown [s\open\src\hotspot\share\prims\jni.cpp, line 1111]
Event: 70.404 Thread 0x0000014d469f4150 Exception <a 'java/lang/NoSuchMethodError'{0x00000007070960d0}: static [Lweka/classifiers/functions/neural/NeuralConnection;.<clinit>()V> (0x00000007070960d0) 
thrown [s\open\src\hotspot\share\prims\jni.cpp, line 1111]
Event: 70.404 Thread 0x0000014d469f4150 Exception <a 'java/lang/NoSuchMethodError'{0x0000000707096b68}: static [I.<clinit>()V> (0x0000000707096b68) 
thrown [s\open\src\hotspot\share\prims\jni.cpp, line 1111]
Event: 70.439 Thread 0x0000014d469f4150 Exception <a 'java/lang/NoSuchMethodError'{0x00000007071365c8}: static [J.<clinit>()V> (0x00000007071365c8) 
thrown [s\open\src\hotspot\share\prims\jni.cpp, line 1111]
Event: 70.442 Thread 0x0000014d469f4150 Exception <a 'java/lang/NoSuchMethodError'{0x00000007071431c8}: static [Z.<clinit>()V> (0x00000007071431c8) 
thrown [s\open\src\hotspot\share\prims\jni.cpp, line 1111]

VM Operations (20 events):
Event: 0.781 Executing VM operation: G1CollectFull (System.gc())
Event: 0.795 Executing VM operation: G1CollectFull (System.gc()) done
Event: 4.701 Executing VM operation: HandshakeAllThreads (Deoptimize)
Event: 4.701 Executing VM operation: HandshakeAllThreads (Deoptimize) done
Event: 4.852 Executing VM operation: HandshakeAllThreads (Deoptimize)
Event: 4.852 Executing VM operation: HandshakeAllThreads (Deoptimize) done
Event: 4.858 Executing VM operation: HandshakeAllThreads (Deoptimize)
Event: 4.858 Executing VM operation: HandshakeAllThreads (Deoptimize) done
Event: 5.036 Executing VM operation: G1CollectFull (System.gc())
Event: 5.077 Executing VM operation: G1CollectFull (System.gc()) done
Event: 60.090 Executing VM operation: HandshakeAllThreads (HandshakeForDeflation)
Event: 60.090 Executing VM operation: HandshakeAllThreads (HandshakeForDeflation) done
Event: 60.090 Executing VM operation: RendezvousGCThreads
Event: 60.090 Executing VM operation: RendezvousGCThreads done
Event: 68.686 Executing VM operation: HandshakeAllThreads (Deoptimize)
Event: 68.687 Executing VM operation: HandshakeAllThreads (Deoptimize) done
Event: 70.477 Executing VM operation: G1CollectForAllocation (G1 Evacuation Pause)
Event: 70.482 Executing VM operation: G1CollectForAllocation (G1 Evacuation Pause) done
Event: 79.835 Executing VM operation: G1CollectForAllocation (G1 Evacuation Pause)
Event: 79.837 Executing VM operation: G1CollectForAllocation (G1 Evacuation Pause) done

Memory protections (0 events):
No events

Nmethod flushes (20 events):
Event: 0.711 Thread 0x0000014d45763ec0 flushing  nmethod 0x0000014d4f3a4888
Event: 0.711 Thread 0x0000014d45763ec0 flushing  nmethod 0x0000014d4f3a7c88
Event: 0.711 Thread 0x0000014d45763ec0 flushing  nmethod 0x0000014d4f3a9688
Event: 0.711 Thread 0x0000014d45763ec0 flushing  nmethod 0x0000014d4f3a9f08
Event: 0.711 Thread 0x0000014d45763ec0 flushing  nmethod 0x0000014d4f3aa308
Event: 0.711 Thread 0x0000014d45763ec0 flushing  nmethod 0x0000014d4f3aa988
Event: 0.711 Thread 0x0000014d45763ec0 flushing  nmethod 0x0000014d4f3ab708
Event: 0.711 Thread 0x0000014d45763ec0 flushing  nmethod 0x0000014d4f3ae088
Event: 0.711 Thread 0x0000014d45763ec0 flushing  nmethod 0x0000014d4f3ae408
Event: 0.711 Thread 0x0000014d45763ec0 flushing  nmethod 0x0000014d4f3b0d08
Event: 0.711 Thread 0x0000014d45763ec0 flushing  nmethod 0x0000014d4f3b1e08
Event: 0.711 Thread 0x0000014d45763ec0 flushing  nmethod 0x0000014d4f3b3108
Event: 0.711 Thread 0x0000014d45763ec0 flushing  nmethod 0x0000014d4f3b5c08
Event: 0.711 Thread 0x0000014d45763ec0 flushing  nmethod 0x0000014d4f3c2508
Event: 0.751 Thread 0x0000014d45763ec0 flushing  nmethod 0x0000014d4f3af088
Event: 5.058 Thread 0x0000014d45763ec0 flushing  nmethod 0x0000014d4f3a8088
Event: 5.058 Thread 0x0000014d45763ec0 flushing  nmethod 0x0000014d4f3afb88
Event: 5.058 Thread 0x0000014d45763ec0 flushing  nmethod 0x0000014d4f3b4588
Event: 5.058 Thread 0x0000014d45763ec0 flushing  nmethod 0x0000014d4f3b6c88
Event: 5.058 Thread 0x0000014d45763ec0 flushing  nmethod 0x0000014d4f3d6608

Events (20 events):
Event: 71.065 Thread 0x0000014d464d5f90 Thread exited: 0x0000014d464d5f90
Event: 71.065 Thread 0x0000014d464d58d0 Thread exited: 0x0000014d464d58d0
Event: 71.928 Thread 0x0000014d464d7a90 Thread exited: 0x0000014d464d7a90
Event: 71.928 Thread 0x0000014d464d73d0 Thread exited: 0x0000014d464d73d0
Event: 71.938 Thread 0x0000014d456fbc50 Thread added: 0x0000014d464d58d0
Event: 71.940 Thread 0x0000014d456fbc50 Thread added: 0x0000014d464d6650
Event: 71.944 Thread 0x0000014d464d58d0 Thread added: 0x0000014d464d7a90
Event: 71.944 Thread 0x0000014d464d58d0 Thread added: 0x0000014d464d73d0
Event: 71.954 Thread 0x0000014d464d6650 Thread added: 0x0000014d464d4b50
Event: 74.287 Thread 0x0000014d464d4b50 Thread exited: 0x0000014d464d4b50
Event: 74.287 Thread 0x0000014d464d58d0 Thread exited: 0x0000014d464d58d0
Event: 74.289 Thread 0x0000014d464d73d0 Thread exited: 0x0000014d464d73d0
Event: 76.307 Thread 0x0000014d464d7a90 Thread exited: 0x0000014d464d7a90
Event: 79.002 Thread 0x0000014d464d6650 Thread exited: 0x0000014d464d6650
Event: 79.006 Thread 0x0000014d456faed0 Thread added: 0x0000014d464d58d0
Event: 79.827 Thread 0x0000014d464d58d0 Thread exited: 0x0000014d464d58d0
Event: 79.832 Thread 0x0000014d456fbc50 Thread added: 0x0000014d464d4b50
Event: 81.380 Thread 0x0000014d464d4b50 Thread exited: 0x0000014d464d4b50
Event: 82.199 Thread 0x0000014d456fbc50 Thread added: 0x0000014d464d6650
Event: 87.272 Thread 0x0000014d464d6650 Thread exited: 0x0000014d464d6650


Dynamic libraries:
0x00007ff6ee880000 - 0x00007ff6ee8a7000 	C:\Program Files\WindowsApps\PythonSoftwareFoundation.Python.3.12_3.12.2032.0_x64__qbz5n2kfra8p0\python3.12.exe
0x00007ffcde9d0000 - 0x00007ffcdebe7000 	C:\WINDOWS\SYSTEM32\ntdll.dll
0x00007ffcdd820000 - 0x00007ffcdd8e4000 	C:\WINDOWS\System32\KERNEL32.DLL
0x00007ffcdbcd0000 - 0x00007ffcdc089000 	C:\WINDOWS\System32\KERNELBASE.dll
0x00007ffcdc3e0000 - 0x00007ffcdc4f1000 	C:\WINDOWS\System32\ucrtbase.dll
0x00007ffcde5d0000 - 0x00007ffcde95f000 	C:\WINDOWS\System32\combase.dll
0x00007ffcdd680000 - 0x00007ffcdd794000 	C:\WINDOWS\System32\RPCRT4.dll
0x00007ffcddcf0000 - 0x00007ffcde566000 	C:\WINDOWS\System32\SHELL32.dll
0x00007ffcdc310000 - 0x00007ffcdc3aa000 	C:\WINDOWS\System32\msvcp_win.dll
0x00007ffcdae00000 - 0x00007ffcdae18000 	C:\WINDOWS\SYSTEM32\kernel.appcore.dll
0x00007ffcdc6f0000 - 0x00007ffcdc797000 	C:\WINDOWS\System32\msvcrt.dll
0x00007ffcddac0000 - 0x00007ffcddc6e000 	C:\WINDOWS\System32\USER32.dll
0x00007ffcdc220000 - 0x00007ffcdc246000 	C:\WINDOWS\System32\win32u.dll
0x00007ffcdd290000 - 0x00007ffcdd2b9000 	C:\WINDOWS\System32\GDI32.dll
0x00007ffcdc100000 - 0x00007ffcdc21b000 	C:\WINDOWS\System32\gdi32full.dll
0x00007ffcdd1b0000 - 0x00007ffcdd287000 	C:\WINDOWS\System32\OLEAUT32.dll
0x00007ffc7d5a0000 - 0x00007ffc7dc45000 	C:\Program Files\WindowsApps\PythonSoftwareFoundation.Python.3.12_3.12.2032.0_x64__qbz5n2kfra8p0\python312.dll
0x00007ffcdd7a0000 - 0x00007ffcdd811000 	C:\WINDOWS\System32\WS2_32.dll
0x00007ffcdc3b0000 - 0x00007ffcdc3d8000 	C:\WINDOWS\System32\bcrypt.dll
0x00007ffcdd0f0000 - 0x00007ffcdd1a2000 	C:\WINDOWS\System32\ADVAPI32.dll
0x00007ffcd41a0000 - 0x00007ffcd41aa000 	C:\WINDOWS\SYSTEM32\VERSION.dll
0x00007ffcdc900000 - 0x00007ffcdc9a7000 	C:\WINDOWS\System32\sechost.dll
0x00007ffcd7c10000 - 0x00007ffcd7c2e000 	C:\Program Files\WindowsApps\PythonSoftwareFoundation.Python.3.12_3.12.2032.0_x64__qbz5n2kfra8p0\VCRUNTIME140.dll
0x00007ffcdd320000 - 0x00007ffcdd351000 	C:\WINDOWS\System32\IMM32.DLL
0x00007ffcd4840000 - 0x00007ffcd485a000 	C:\WINDOWS\SYSTEM32\windows.staterepositorycore.dll
0x00007ffcd9bd0000 - 0x00007ffcda4d3000 	C:\WINDOWS\SYSTEM32\windows.storage.dll
0x00007ffcd9a90000 - 0x00007ffcd9bcf000 	C:\WINDOWS\SYSTEM32\wintypes.dll
0x00007ffcdc9b0000 - 0x00007ffcdcaa9000 	C:\WINDOWS\System32\SHCORE.dll
0x00007ffcdc8a0000 - 0x00007ffcdc8fe000 	C:\WINDOWS\System32\shlwapi.dll
0x00007ffcdc670000 - 0x00007ffcdc6eb000 	C:\WINDOWS\System32\bcryptprimitives.dll
0x0000014d22bf0000 - 0x0000014d22bff000 	C:\Program Files\WindowsApps\PythonSoftwareFoundation.Python.3.12_3.12.2032.0_x64__qbz5n2kfra8p0\python3.DLL
0x00007ffcd7c00000 - 0x00007ffcd7c09000 	C:\Program Files\WindowsApps\PythonSoftwareFoundation.Python.3.12_3.12.2032.0_x64__qbz5n2kfra8p0\DLLs\select.pyd
0x00007ffcd6300000 - 0x00007ffcd6316000 	C:\Program Files\WindowsApps\PythonSoftwareFoundation.Python.3.12_3.12.2032.0_x64__qbz5n2kfra8p0\DLLs\_socket.pyd
0x00007ffcda7c0000 - 0x00007ffcda7ed000 	C:\WINDOWS\SYSTEM32\IPHLPAPI.DLL
0x00007ffcd4df0000 - 0x00007ffcd4e1d000 	C:\Program Files\WindowsApps\PythonSoftwareFoundation.Python.3.12_3.12.2032.0_x64__qbz5n2kfra8p0\DLLs\_ssl.pyd
0x00007ffcdc500000 - 0x00007ffcdc666000 	C:\WINDOWS\System32\CRYPT32.dll
0x00007ffcc3f00000 - 0x00007ffcc4403000 	C:\Program Files\WindowsApps\PythonSoftwareFoundation.Python.3.12_3.12.2032.0_x64__qbz5n2kfra8p0\DLLs\libcrypto-3.dll
0x00007ffccab30000 - 0x00007ffccabf3000 	C:\Program Files\WindowsApps\PythonSoftwareFoundation.Python.3.12_3.12.2032.0_x64__qbz5n2kfra8p0\DLLs\libssl-3.dll
0x00007ffcd4dd0000 - 0x00007ffcd4de5000 	C:\Program Files\WindowsApps\PythonSoftwareFoundation.Python.3.12_3.12.2032.0_x64__qbz5n2kfra8p0\DLLs\_bz2.pyd
0x00007ffcd4da0000 - 0x00007ffcd4dc8000 	C:\Program Files\WindowsApps\PythonSoftwareFoundation.Python.3.12_3.12.2032.0_x64__qbz5n2kfra8p0\DLLs\_lzma.pyd
0x00007ffcd62f0000 - 0x00007ffcd62f9000 	C:\Users\Ciber-2\AppData\Local\Packages\PythonSoftwareFoundation.Python.3.12_qbz5n2kfra8p0\LocalCache\local-packages\Python312\site-packages\markupsafe\_speedups.cp312-win_amd64.pyd
0x00007ffcd4d80000 - 0x00007ffcd4d91000 	C:\Program Files\WindowsApps\PythonSoftwareFoundation.Python.3.12_3.12.2032.0_x64__qbz5n2kfra8p0\DLLs\_hashlib.pyd
0x00007ffcd1cc0000 - 0x00007ffcd1ce0000 	C:\Program Files\WindowsApps\PythonSoftwareFoundation.Python.3.12_3.12.2032.0_x64__qbz5n2kfra8p0\DLLs\_ctypes.pyd
0x00007ffcdd4d0000 - 0x00007ffcdd675000 	C:\WINDOWS\System32\ole32.dll
0x00007ffcd4d70000 - 0x00007ffcd4d7b000 	C:\Program Files\WindowsApps\PythonSoftwareFoundation.Python.3.12_3.12.2032.0_x64__qbz5n2kfra8p0\DLLs\libffi-8.dll
0x00007ffcae740000 - 0x00007ffcae857000 	C:\Program Files\WindowsApps\PythonSoftwareFoundation.Python.3.12_3.12.2032.0_x64__qbz5n2kfra8p0\DLLs\unicodedata.pyd
0x00007ffcd0ed0000 - 0x00007ffcd0f10000 	C:\Program Files\WindowsApps\PythonSoftwareFoundation.Python.3.12_3.12.2032.0_x64__qbz5n2kfra8p0\DLLs\_decimal.pyd
0x00007ffcd0ec0000 - 0x00007ffcd0ec8000 	C:\Program Files\WindowsApps\PythonSoftwareFoundation.Python.3.12_3.12.2032.0_x64__qbz5n2kfra8p0\DLLs\_uuid.pyd
0x00007ffcceae0000 - 0x00007ffcceaeb000 	C:\Program Files\WindowsApps\PythonSoftwareFoundation.Python.3.12_3.12.2032.0_x64__qbz5n2kfra8p0\DLLs\_wmi.pyd
0x00007ffccead0000 - 0x00007ffcceadc000 	C:\Program Files\WindowsApps\PythonSoftwareFoundation.Python.3.12_3.12.2032.0_x64__qbz5n2kfra8p0\VCRUNTIME140_1.dll
0x00007ffcd7c60000 - 0x00007ffcd7d61000 	C:\WINDOWS\SYSTEM32\PROPSYS.dll
0x00007ffc7d180000 - 0x00007ffc7d593000 	C:\Users\Ciber-2\AppData\Local\Packages\PythonSoftwareFoundation.Python.3.12_qbz5n2kfra8p0\LocalCache\local-packages\Python312\site-packages\numpy\_core\_multiarray_umath.cp312-win_amd64.pyd
0x00007ffccaa90000 - 0x00007ffccab2b000 	C:\Users\Ciber-2\AppData\Local\Packages\PythonSoftwareFoundation.Python.3.12_qbz5n2kfra8p0\LocalCache\local-packages\Python312\site-packages\numpy.libs\msvcp140-23ebcc0b37c8e3d074511f362feac48b.dll
0x00007ffc54a10000 - 0x00007ffc55d6d000 	C:\Users\Ciber-2\AppData\Local\Packages\PythonSoftwareFoundation.Python.3.12_qbz5n2kfra8p0\LocalCache\local-packages\Python312\site-packages\numpy.libs\libscipy_openblas64_-c16e4918366c6bc1f1cd71e28ca36fc0.dll
0x00007ffcceab0000 - 0x00007ffcceace000 	C:\Users\Ciber-2\AppData\Local\Packages\PythonSoftwareFoundation.Python.3.12_qbz5n2kfra8p0\LocalCache\local-packages\Python312\site-packages\numpy\linalg\_umath_linalg.cp312-win_amd64.pyd
0x00007ffcce5e0000 - 0x00007ffcce5fd000 	C:\Users\Ciber-2\AppData\Local\Packages\PythonSoftwareFoundation.Python.3.12_qbz5n2kfra8p0\LocalCache\local-packages\Python312\site-packages\scipy\_lib\_ccallback_c.cp312-win_amd64.pyd
0x00007ffcc38b0000 - 0x00007ffcc3926000 	C:\Users\Ciber-2\AppData\Local\Packages\PythonSoftwareFoundation.Python.3.12_qbz5n2kfra8p0\LocalCache\local-packages\Python312\site-packages\_jpype.cp312-win_amd64.pyd
0x00007ffcc19a0000 - 0x00007ffcc1a2e000 	C:\WINDOWS\SYSTEM32\MSVCP140.dll
0x00007ffcd8900000 - 0x00007ffcd89b1000 	C:\WINDOWS\system32\uxtheme.dll
0x00007ffcdcf90000 - 0x00007ffcdd040000 	C:\WINDOWS\System32\clbcatq.dll
0x00007ffcca9b0000 - 0x00007ffcca9cd000 	C:\WINDOWS\SYSTEM32\amsi.dll
0x00007ffcdb370000 - 0x00007ffcdb398000 	C:\WINDOWS\SYSTEM32\USERENV.dll
0x00007ffcdbc00000 - 0x00007ffcdbc2b000 	C:\WINDOWS\SYSTEM32\profapi.dll
0x00007ffcca920000 - 0x00007ffcca9a3000 	C:\ProgramData\Microsoft\Windows Defender\Platform\4.18.24090.11-0\MpOav.dll
0x00007ffcce5b0000 - 0x00007ffcce5df000 	C:\Users\Ciber-2\AppData\Local\Packages\PythonSoftwareFoundation.Python.3.12_qbz5n2kfra8p0\LocalCache\local-packages\Python312\site-packages\numpy\random\bit_generator.cp312-win_amd64.pyd
0x00007ffcccd50000 - 0x00007ffcccd7d000 	C:\Users\Ciber-2\AppData\Local\Packages\PythonSoftwareFoundation.Python.3.12_qbz5n2kfra8p0\LocalCache\local-packages\Python312\site-packages\numpy\random\_common.cp312-win_amd64.pyd
0x00007ffca6430000 - 0x00007ffca64d0000 	C:\Users\Ciber-2\AppData\Local\Packages\PythonSoftwareFoundation.Python.3.12_qbz5n2kfra8p0\LocalCache\local-packages\Python312\site-packages\numpy\random\mtrand.cp312-win_amd64.pyd
0x00007ffccc220000 - 0x00007ffccc25c000 	C:\Users\Ciber-2\AppData\Local\Packages\PythonSoftwareFoundation.Python.3.12_qbz5n2kfra8p0\LocalCache\local-packages\Python312\site-packages\numpy\random\_bounded_integers.cp312-win_amd64.pyd
0x00007ffcccca0000 - 0x00007ffccccba000 	C:\Users\Ciber-2\AppData\Local\Packages\PythonSoftwareFoundation.Python.3.12_qbz5n2kfra8p0\LocalCache\local-packages\Python312\site-packages\numpy\random\_mt19937.cp312-win_amd64.pyd
0x00007ffccc400000 - 0x00007ffccc418000 	C:\Users\Ciber-2\AppData\Local\Packages\PythonSoftwareFoundation.Python.3.12_qbz5n2kfra8p0\LocalCache\local-packages\Python312\site-packages\numpy\random\_philox.cp312-win_amd64.pyd
0x00007ffccc370000 - 0x00007ffccc38b000 	C:\Users\Ciber-2\AppData\Local\Packages\PythonSoftwareFoundation.Python.3.12_qbz5n2kfra8p0\LocalCache\local-packages\Python312\site-packages\numpy\random\_pcg64.cp312-win_amd64.pyd
0x00007ffccc200000 - 0x00007ffccc214000 	C:\Users\Ciber-2\AppData\Local\Packages\PythonSoftwareFoundation.Python.3.12_qbz5n2kfra8p0\LocalCache\local-packages\Python312\site-packages\numpy\random\_sfc64.cp312-win_amd64.pyd
0x00007ffc9cad0000 - 0x00007ffc9cb8c000 	C:\Users\Ciber-2\AppData\Local\Packages\PythonSoftwareFoundation.Python.3.12_qbz5n2kfra8p0\LocalCache\local-packages\Python312\site-packages\numpy\random\_generator.cp312-win_amd64.pyd
0x00007ffccc390000 - 0x00007ffccc3d7000 	C:\Users\Ciber-2\AppData\Local\Packages\PythonSoftwareFoundation.Python.3.12_qbz5n2kfra8p0\LocalCache\local-packages\Python312\site-packages\numpy\fft\_pocketfft_umath.cp312-win_amd64.pyd
0x00007ffccc150000 - 0x00007ffccc174000 	C:\Users\Ciber-2\AppData\Local\Packages\PythonSoftwareFoundation.Python.3.12_qbz5n2kfra8p0\LocalCache\local-packages\Python312\site-packages\matplotlib\_c_internal_utils.cp312-win_amd64.pyd
0x00007ffc7cf30000 - 0x00007ffc7d174000 	C:\Users\Ciber-2\AppData\Local\Packages\PythonSoftwareFoundation.Python.3.12_qbz5n2kfra8p0\LocalCache\local-packages\Python312\site-packages\PIL\_imaging.cp312-win_amd64.pyd
0x00007ffccaa40000 - 0x00007ffccaa8c000 	C:\Users\Ciber-2\AppData\Local\Packages\PythonSoftwareFoundation.Python.3.12_qbz5n2kfra8p0\LocalCache\local-packages\Python312\site-packages\matplotlib\_path.cp312-win_amd64.pyd
0x00007ffc84f30000 - 0x00007ffc84fd3000 	C:\Users\Ciber-2\AppData\Local\Packages\PythonSoftwareFoundation.Python.3.12_qbz5n2kfra8p0\LocalCache\local-packages\Python312\site-packages\matplotlib\ft2font.cp312-win_amd64.pyd
0x00007ffccc110000 - 0x00007ffccc130000 	C:\Users\Ciber-2\AppData\Local\Packages\PythonSoftwareFoundation.Python.3.12_qbz5n2kfra8p0\LocalCache\local-packages\Python312\site-packages\kiwisolver\_cext.cp312-win_amd64.pyd
0x00007ffcca490000 - 0x00007ffcca4c2000 	C:\Program Files\WindowsApps\PythonSoftwareFoundation.Python.3.12_3.12.2032.0_x64__qbz5n2kfra8p0\DLLs\pyexpat.pyd
0x00007ffcc3420000 - 0x00007ffcc347c000 	C:\Users\Ciber-2\AppData\Local\Packages\PythonSoftwareFoundation.Python.3.12_qbz5n2kfra8p0\LocalCache\local-packages\Python312\site-packages\matplotlib\_image.cp312-win_amd64.pyd
0x00007ffcba780000 - 0x00007ffcba7a1000 	C:\Program Files\WindowsApps\PythonSoftwareFoundation.Python.3.12_3.12.2032.0_x64__qbz5n2kfra8p0\DLLs\_elementtree.pyd
0x00007ffcce5a0000 - 0x00007ffcce5a9000 	C:\Program Files\WindowsApps\PythonSoftwareFoundation.Python.3.12_3.12.2032.0_x64__qbz5n2kfra8p0\DLLs\_queue.pyd
0x00007ffc3da20000 - 0x00007ffc3e76f000 	C:\Program Files\Java\jdk-23\bin\server\jvm.dll
0x00007ffcdab60000 - 0x00007ffcdabad000 	C:\WINDOWS\SYSTEM32\POWRPROF.dll
0x00007ffcd4d20000 - 0x00007ffcd4d54000 	C:\WINDOWS\SYSTEM32\WINMM.dll
0x00007ffcdab40000 - 0x00007ffcdab53000 	C:\WINDOWS\SYSTEM32\UMPDC.dll
0x00007ffccda60000 - 0x00007ffccda6a000 	C:\Program Files\Java\jdk-23\bin\jimage.dll
0x00007ffcd9040000 - 0x00007ffcd9272000 	C:\WINDOWS\SYSTEM32\DBGHELP.DLL
0x00007ffcd1f80000 - 0x00007ffcd1fb2000 	C:\WINDOWS\SYSTEM32\dbgcore.DLL
0x00007ffccaa20000 - 0x00007ffccaa3e000 	C:\Program Files\Java\jdk-23\bin\java.dll
0x00007ffc82ae0000 - 0x00007ffc82bb7000 	C:\Program Files\Java\jdk-23\bin\jsvml.dll
0x00007ffcccd40000 - 0x00007ffcccd50000 	C:\Program Files\Java\jdk-23\bin\net.dll
0x00007ffcdb280000 - 0x00007ffcdb2e9000 	C:\WINDOWS\system32\mswsock.dll
0x00007ffcc5080000 - 0x00007ffcc5096000 	C:\Program Files\Java\jdk-23\bin\nio.dll
0x00007ffcba760000 - 0x00007ffcba777000 	C:\Program Files\Java\jdk-23\bin\zip.dll
0x00007ffccc3f0000 - 0x00007ffccc3fa000 	C:\Program Files\WindowsApps\PythonSoftwareFoundation.Python.3.12_3.12.2032.0_x64__qbz5n2kfra8p0\DLLs\_multiprocessing.pyd
0x00007ffcdb4d0000 - 0x00007ffcdb4eb000 	C:\WINDOWS\SYSTEM32\CRYPTSP.dll
0x00007ffcdad60000 - 0x00007ffcdad95000 	C:\WINDOWS\system32\rsaenh.dll
0x00007ffcdb4f0000 - 0x00007ffcdb4fc000 	C:\WINDOWS\SYSTEM32\CRYPTBASE.dll
0x00007ffcdd360000 - 0x00007ffcdd369000 	C:\WINDOWS\System32\NSI.dll
0x00007ffcb8010000 - 0x00007ffcb8053000 	C:\Users\Ciber-2\AppData\Local\Packages\PythonSoftwareFoundation.Python.3.12_qbz5n2kfra8p0\LocalCache\local-packages\Python312\site-packages\matplotlib\backends\_backend_agg.cp312-win_amd64.pyd
0x00007ffcba740000 - 0x00007ffcba751000 	C:\Program Files\WindowsApps\PythonSoftwareFoundation.Python.3.12_3.12.2032.0_x64__qbz5n2kfra8p0\DLLs\_tkinter.pyd
0x00007ffc7cc80000 - 0x00007ffc7cdfe000 	C:\Program Files\WindowsApps\PythonSoftwareFoundation.Python.3.12_3.12.2032.0_x64__qbz5n2kfra8p0\DLLs\tk86t.dll
0x00007ffc824c0000 - 0x00007ffc8267e000 	C:\Program Files\WindowsApps\PythonSoftwareFoundation.Python.3.12_3.12.2032.0_x64__qbz5n2kfra8p0\DLLs\tcl86t.dll
0x00007ffcdc7a0000 - 0x00007ffcdc89f000 	C:\WINDOWS\System32\COMDLG32.dll
0x00007ffcc0fd0000 - 0x00007ffcc0fe9000 	C:\WINDOWS\SYSTEM32\NETAPI32.dll
0x00007ffcaebc0000 - 0x00007ffcaebea000 	C:\Program Files\WindowsApps\PythonSoftwareFoundation.Python.3.12_3.12.2032.0_x64__qbz5n2kfra8p0\DLLs\zlib1.dll
0x00007ffcd3ad0000 - 0x00007ffcd3d62000 	C:\WINDOWS\WinSxS\amd64_microsoft.windows.common-controls_6595b64144ccf1df_6.0.22621.4391_none_2715d37f73803e96\COMCTL32.dll
0x00007ffcc3eb0000 - 0x00007ffcc3ef4000 	C:\WINDOWS\SYSTEM32\LOGONCLI.DLL
0x00007ffcda7b0000 - 0x00007ffcda7bc000 	C:\WINDOWS\SYSTEM32\NETUTILS.DLL
0x00007ffcd8480000 - 0x00007ffcd8499000 	C:\WINDOWS\SYSTEM32\SAMCLI.DLL
0x00007ffcae4f0000 - 0x00007ffcae518000 	C:\Users\Ciber-2\AppData\Local\Packages\PythonSoftwareFoundation.Python.3.12_qbz5n2kfra8p0\LocalCache\local-packages\Python312\site-packages\matplotlib\backends\_tkagg.cp312-win_amd64.pyd
0x00007ffcde980000 - 0x00007ffcde988000 	C:\WINDOWS\System32\PSAPI.DLL
0x00007ffcdd370000 - 0x00007ffcdd4d0000 	C:\WINDOWS\System32\MSCTF.dll
0x00007ffccc1f0000 - 0x00007ffccc1fb000 	C:\Users\Ciber-2\AppData\Local\Packages\PythonSoftwareFoundation.Python.3.12_qbz5n2kfra8p0\LocalCache\local-packages\Python312\site-packages\PIL\_imagingmath.cp312-win_amd64.pyd
0x00007ffccc140000 - 0x00007ffccc149000 	C:\Users\Ciber-2\AppData\Local\Packages\PythonSoftwareFoundation.Python.3.12_qbz5n2kfra8p0\LocalCache\local-packages\Python312\site-packages\PIL\_imagingtk.cp312-win_amd64.pyd
0x00007ffcc45a0000 - 0x00007ffcc46e5000 	C:\WINDOWS\SYSTEM32\textinputframework.dll
0x00007ffcd6a00000 - 0x00007ffcd6b33000 	C:\WINDOWS\SYSTEM32\CoreMessaging.dll

dbghelp: loaded successfully - version: 4.0.5 - missing functions: none
symbol engine: initialized successfully - sym options: 0x614 - pdb path: .;C:\Program Files\WindowsApps\PythonSoftwareFoundation.Python.3.12_3.12.2032.0_x64__qbz5n2kfra8p0;C:\WINDOWS\SYSTEM32;C:\Program Files\WindowsApps\PythonSoftwareFoundation.Python.3.12_3.12.2032.0_x64__qbz5n2kfra8p0\DLLs;C:\Users\Ciber-2\AppData\Local\Packages\PythonSoftwareFoundation.Python.3.12_qbz5n2kfra8p0\LocalCache\local-packages\Python312\site-packages\markupsafe;C:\Users\Ciber-2\AppData\Local\Packages\PythonSoftwareFoundation.Python.3.12_qbz5n2kfra8p0\LocalCache\local-packages\Python312\site-packages\numpy\_core;C:\Users\Ciber-2\AppData\Local\Packages\PythonSoftwareFoundation.Python.3.12_qbz5n2kfra8p0\LocalCache\local-packages\Python312\site-packages\numpy.libs;C:\Users\Ciber-2\AppData\Local\Packages\PythonSoftwareFoundation.Python.3.12_qbz5n2kfra8p0\LocalCache\local-packages\Python312\site-packages\numpy\linalg;C:\Users\Ciber-2\AppData\Local\Packages\PythonSoftwareFoundation.Python.3.12_qbz5n2kfra8p0\LocalCache\local-packages\Python312\site-packages\scipy\_lib;C:\Users\Ciber-2\AppData\Local\Packages\PythonSoftwareFoundation.Python.3.12_qbz5n2kfra8p0\LocalCache\local-packages\Python312\site-packages;C:\ProgramData\Microsoft\Windows Defender\Platform\4.18.24090.11-0;C:\Users\Ciber-2\AppData\Local\Packages\PythonSoftwareFoundation.Python.3.12_qbz5n2kfra8p0\LocalCache\local-packages\Python312\site-packages\numpy\random;C:\Users\Ciber-2\AppData\Local\Packages\PythonSoftwareFoundation.Python.3.12_qbz5n2kfra8p0\LocalCache\local-packages\Python312\site-packages\numpy\fft;C:\Users\Ciber-2\AppData\Local\Packages\PythonSoftwareFoundation.Python.3.12_qbz5n2kfra8p0\LocalCache\local-packages\Python312\site-packages\matplotlib;C:\Users\Ciber-2\AppData\Local\Packages\PythonSoftwareFoundation.Python.3.12_qbz5n2kfra8p0\LocalCache\local-packages\Python312\site-packages\PIL;C:\Users\Ciber-2\AppData\Local\Packages\PythonSoftwareFoundation.Python.3.12_qbz5n2kfra8p0\LocalCache\local-packages\Python312\site-packages\kiwisolver;C:\Program Files\Java\jdk-23\bin\server;C:\Program Files\Java\jdk-23\bin;C:\Users\Ciber-2\AppData\Local\Packages\PythonSoftwareFoundation.Python.3.12_qbz5n2kfra8p0\LocalCache\local-packages\Python312\site-packages\matplotlib\backends;C:\WINDOWS\WinSxS\amd64_microsoft.windows.common-controls_6595b64144ccf1df_6.0.22621.4391_none_2715d37f73803e96

VM Arguments:
jvm_args: -Dweka.packageManager.loadPackages=false -Djava.awt.headless=true 
java_command: <unknown>
java_class_path (initial): C:\Users\Ciber-2\AppData\Local\Packages\PythonSoftwareFoundation.Python.3.12_qbz5n2kfra8p0\LocalCache\local-packages\Python312\site-packages\weka\lib\arpack_combined.jar;C:\Users\Ciber-2\AppData\Local\Packages\PythonSoftwareFoundation.Python.3.12_qbz5n2kfra8p0\LocalCache\local-packages\Python312\site-packages\weka\lib\core.jar;C:\Users\Ciber-2\AppData\Local\Packages\PythonSoftwareFoundation.Python.3.12_qbz5n2kfra8p0\LocalCache\local-packages\Python312\site-packages\weka\lib\mtj.jar;C:\Users\Ciber-2\AppData\Local\Packages\PythonSoftwareFoundation.Python.3.12_qbz5n2kfra8p0\LocalCache\local-packages\Python312\site-packages\weka\lib\python-weka-wrapper.jar;C:\Users\Ciber-2\AppData\Local\Packages\PythonSoftwareFoundation.Python.3.12_qbz5n2kfra8p0\LocalCache\local-packages\Python312\site-packages\weka\lib\weka.jar
Launcher Type: generic

[Global flags]
     intx CICompilerCount                          = 12                                        {product} {ergonomic}
     uint ConcGCThreads                            = 3                                         {product} {ergonomic}
     uint G1ConcRefinementThreads                  = 13                                        {product} {ergonomic}
   size_t G1HeapRegionSize                         = 2097152                                   {product} {ergonomic}
   size_t InitialHeapSize                          = 264241152                                 {product} {ergonomic}
   size_t MarkStackSize                            = 4194304                                   {product} {ergonomic}
   size_t MarkStackSizeMax                         = 536870912                                 {product} {ergonomic}
   size_t MaxHeapSize                              = 4196401152                                {product} {ergonomic}
   size_t MaxNewSize                               = 2516582400                                {product} {ergonomic}
   size_t MinHeapDeltaBytes                        = 2097152                                   {product} {ergonomic}
   size_t MinHeapSize                              = 8388608                                   {product} {ergonomic}
    uintx NonNMethodCodeHeapSize                   = 7602176                                {pd product} {ergonomic}
    uintx NonProfiledCodeHeapSize                  = 122093568                              {pd product} {ergonomic}
    uintx ProfiledCodeHeapSize                     = 121962496                              {pd product} {ergonomic}
    uintx ReservedCodeCacheSize                    = 251658240                              {pd product} {ergonomic}
     bool SegmentedCodeCache                       = true                                      {product} {ergonomic}
   size_t SoftMaxHeapSize                          = 4196401152                             {manageable} {ergonomic}
     bool UseCompressedOops                        = true                           {product lp64_product} {ergonomic}
     bool UseG1GC                                  = true                                      {product} {ergonomic}
     bool UseLargePagesIndividualAllocation        = false                                  {pd product} {ergonomic}

Logging:
Log output configuration:
 #0: stdout all=warning uptime,level,tags foldmultilines=false
 #1: stderr all=off uptime,level,tags foldmultilines=false

Environment Variables:
JAVA_HOME=C:\Program Files\Java\jdk-23
PATH=C:\Program Files\Java\jdk-23\bin;C:\Program Files (x86)\Common Files\Oracle\Java\java8path;C:\Program Files (x86)\Common Files\Oracle\Java\javapath;C:\flutter\bin;C:\Program Files (x86)\Razer\ChromaBroadcast\bin;C:\Program Files\Razer\ChromaBroadcast\bin;C:\Windows\system32;C:\Windows;C:\Windows\System32\Wbem;C:\Windows\System32\WindowsPowerShell\v1.0\;C:\Windows\System32\OpenSSH\;C:\Program Files (x86)\NVIDIA Corporation\PhysX\Common;C:\Program Files\NVIDIA Corporation\NVIDIA NvDLISR;C:\WINDOWS\system32;C:\WINDOWS;C:\WINDOWS\System32\Wbem;C:\WINDOWS\System32\WindowsPowerShell\v1.0\;C:\WINDOWS\System32\OpenSSH\;C:\WINDOWS\system32\config\systemprofile\AppData\Local\Microsoft\WindowsApps;C:\Program Files\dotnet\;C:\Program Files\php-8.3.11-nts-Win32-vs16-x64;C:\Program Files\nodejs\;C:\Program Files\Git\cmd;C:\Program Files\Java\jdk-23\bin;C:\flutter\bin;C:\Users\Ciber-2\AppData\Local\Microsoft\WindowsApps;C:\Users\Ciber-2\AppData\Local\Programs\Microsoft VS Code\bin;C:\Users\Ciber-2\AppData\Roaming\npm;
USERNAME=Ciber-2
LANG=en_US.UTF-8
OS=Windows_NT
PROCESSOR_IDENTIFIER=Intel64 Family 6 Model 154 Stepping 3, GenuineIntel
TMP=C:\Users\Ciber-2\AppData\Local\Temp
TEMP=C:\Users\Ciber-2\AppData\Local\Temp




Periodic native trim disabled

---------------  S Y S T E M  ---------------

OS:
 Windows 11 , 64 bit Build 22621 (10.0.22621.4391)
OS uptime: 0 days 0:30 hours
Hyper-V role detected

CPU: total 16 (initial active 16) (8 cores per cpu, 2 threads per core) family 6 model 154 stepping 3 microcode 0x41c, cx8, cmov, fxsr, ht, mmx, 3dnowpref, sse, sse2, sse3, ssse3, sse4.1, sse4.2, popcnt, lzcnt, tsc, tscinvbit, avx, avx2, aes, erms, clmul, bmi1, bmi2, adx, sha, fma, vzeroupper, clflush, clflushopt, clwb, hv, serialize, rdtscp, rdpid, fsrm, gfni, f16c, cet_ibt, cet_ss
Processor Information for processor 0
  Max Mhz: 2300, Current Mhz: 1506, Mhz Limit: 2300
Processor Information for processor 1
  Max Mhz: 2300, Current Mhz: 1506, Mhz Limit: 2300
Processor Information for processor 2
  Max Mhz: 2300, Current Mhz: 1506, Mhz Limit: 2300
Processor Information for processor 3
  Max Mhz: 2300, Current Mhz: 1506, Mhz Limit: 2300
Processor Information for processor 4
  Max Mhz: 2300, Current Mhz: 2300, Mhz Limit: 2300
Processor Information for processor 5
  Max Mhz: 2300, Current Mhz: 1506, Mhz Limit: 2300
Processor Information for processor 6
  Max Mhz: 2300, Current Mhz: 1506, Mhz Limit: 2300
Processor Information for processor 7
  Max Mhz: 2300, Current Mhz: 2300, Mhz Limit: 2300
Processor Information for processor 8
  Max Mhz: 2300, Current Mhz: 1506, Mhz Limit: 2300
Processor Information for processor 9
  Max Mhz: 2300, Current Mhz: 1506, Mhz Limit: 2300
Processor Information for processor 10
  Max Mhz: 2300, Current Mhz: 1506, Mhz Limit: 2300
Processor Information for processor 11
  Max Mhz: 2300, Current Mhz: 1506, Mhz Limit: 2300
Processor Information for processor 12
  Max Mhz: 2300, Current Mhz: 1500, Mhz Limit: 1679
Processor Information for processor 13
  Max Mhz: 2300, Current Mhz: 1500, Mhz Limit: 1679
Processor Information for processor 14
  Max Mhz: 2300, Current Mhz: 1500, Mhz Limit: 1679
Processor Information for processor 15
  Max Mhz: 2300, Current Mhz: 1500, Mhz Limit: 1679

Memory: 4k page, system-wide physical 16005M (7901M free)
TotalPageFile size 17029M (AvailPageFile size 6147M)
current process WorkingSet (physical memory assigned to process): 212M, peak: 223M
current process commit charge ("private bytes"): 760M, peak: 916M

vm_info: Java HotSpot(TM) 64-Bit Server VM (23.0.1+11-39) for windows-amd64 JRE (23.0.1+11-39), built on 2024-09-30T07:20:43Z with MS VC++ 17.6 (VS2022)

END.
