#
# A fatal error has been detected by the Java Runtime Environment:
#
#  Internal Error (os_windows_x86.cpp:143), pid=3188, tid=8976
#  guarantee(result == EXCEPTION_CONTINUE_EXECUTION) failed: Unexpected result from topLevelExceptionFilter
#
# JRE version: Java(TM) SE Runtime Environment (23.0.1+11) (build 23.0.1+11-39)
# Java VM: Java HotSpot(TM) 64-Bit Server VM (23.0.1+11-39, mixed mode, sharing, tiered, compressed oops, compressed class ptrs, g1 gc, windows-amd64)
# No core dump will be written. Minidumps are not enabled by default on client versions of Windows
#
# If you would like to submit a bug report, please visit:
#   https://bugreport.java.com/bugreport/crash.jsp
# The crash happened outside the Java Virtual Machine in native code.
# See problematic frame for where to report the bug.
#

---------------  S U M M A R Y ------------

Command Line: -Dweka.packageManager.loadPackages=false -Djava.awt.headless=true 

Host: 12th Gen Intel(R) Core(TM) i7-12650H, 16 cores, 15G,  Windows 11 , 64 bit Build 22621 (10.0.22621.4391)
Time: Mon Nov 18 13:54:11 2024 Hora estándar oeste, Sudamérica elapsed time: 83.205909 seconds (0d 0h 1m 23s)

---------------  T H R E A D  ---------------

Current thread (0x00000158635f6dd0):  JavaThread "Python Reference Queue" daemon [_thread_in_native, id=8976, stack(0x0000003792b50000,0x0000003792d40000) (1984K)]

Stack: [0x0000003792b50000,0x0000003792d40000]
Native frames: (J=compiled Java code, j=interpreted, Vv=VM code, C=native code)
V  [jvm.dll+0x6e08b9]  (no source info available)
V  [jvm.dll+0x87dc83]  (no source info available)
V  [jvm.dll+0x88010e]  (no source info available)
V  [jvm.dll+0x880797]  (no source info available)
V  [jvm.dll+0x27ae67]  (no source info available)
V  [jvm.dll+0x6e03b3]  (no source info available)
C  [ntdll.dll+0xa527f]  (no source info available)
C  [ntdll.dll+0x1e886]  (no source info available)
C  [ntdll.dll+0xa426e]  (no source info available)
C  [tcl86t.dll+0xfa3dd]  (no source info available)
C  [tcl86t.dll+0xfa412]  (no source info available)
C  [tcl86t.dll+0x15504]  (no source info available)
C  [tcl86t.dll+0x17d43]  (no source info available)
C  [_tkinter.pyd+0x3e3f]  (no source info available)
C  [python312.dll+0xaa93e]  (no source info available)
C  [python312.dll+0x67752]  (no source info available)
C  [python312.dll+0x677d8]  (no source info available)
C  [python312.dll+0x67878]  (no source info available)
C  [python312.dll+0x630c2]  (no source info available)
C  [python312.dll+0x62ce1]  (no source info available)
C  [python312.dll+0x5f097]  (no source info available)
C  [_jpype.cp312-win_amd64.pyd+0x29574]  (no source info available)
C  0x00000158732cd207  (no source info available)

The last pc belongs to native method entry point (kind = native) (printed below).
Java frames: (J=compiled Java code, j=interpreted, Vv=VM code)
j  org.jpype.ref.JPypeReferenceNative.wake()V+0
j  org.jpype.ref.JPypeReferenceQueue$Worker.run()V+42
j  java.lang.Thread.runWith(Ljava/lang/Object;Ljava/lang/Runnable;)V+5 java.base@23.0.1
j  java.lang.Thread.run()V+19 java.base@23.0.1
v  ~StubRoutines::call_stub 0x00000158732c0fcd
Lock stack of current Java thread (top to bottom):

native method entry point (kind = native)  [0x00000158732ccde0, 0x00000158732cd938]  2904 bytes
[MachCode]
  0x00000158732ccde0: 488b 4b08 | 0fb7 492e | 584c 8d74 | ccf8 6800 | 0000 0068 | 0000 0000 | 5055 488b | ec41 5568 
  0x00000158732cce00: 0000 0000 | 4c8b 6b08 | 4d8d 6d38 | 5348 8b53 | 0848 8b52 | 0848 8b52 | 1848 8b52 | 7048 8b12 
  0x00000158732cce20: 5248 8b53 | 1048 85d2 | 0f84 0700 | 0000 4881 | c210 0100 | 0052 488b | 5308 488b | 5208 488b 
  0x00000158732cce40: 5210 5249 | 8bc6 482b | c548 c1e8 | 0350 6800 | 0000 0068 | f7ff ffff | 41c6 8771 | 0400 0001 
  0x00000158732cce60: 488b 4310 | 4885 c074 | 208b 88cc | 0000 0083 | c102 8988 | cc00 0000 | 2388 e000 | 0000 0f84 
  0x00000158732cce80: 000a 0000 | e9cf 0000 | 0048 8b43 | 1848 85c0 | 0f85 b000 | 0000 e805 | 0000 00e9 | 9900 0000 
  0x00000158732ccea0: 488b d348 | 8d44 2408 | 4c89 6dc0 | 498b cfc5 | f877 4989 | afb0 0300 | 0049 8987 | a003 0000 
  0x00000158732ccec0: 4883 ec20 | 40f6 c40f | 0f84 1900 | 0000 4883 | ec08 48b8 | 9026 df3d | fc7f 0000 | ffd0 4883 
  0x00000158732ccee0: c408 e90c | 0000 0048 | b890 26df | 3dfc 7f00 | 00ff d048 | 83c4 2049 | c787 a003 | 0000 0000 
  0x00000158732ccf00: 0000 49c7 | 87b0 0300 | 0000 0000 | 0049 c787 | a803 0000 | 0000 0000 | c5f8 7749 | 837f 0800 
  0x00000158732ccf20: 0f84 0500 | 0000 e995 | 3fff ff4c | 8b6d c04c | 8b75 c84e | 8d74 f500 | c348 8b43 | 1848 85c0 
  0x00000158732ccf40: 0f84 1200 | 0000 8b48 | 0883 c102 | 8948 0823 | 481c 0f84 | 2c09 0000 | 493b a7e8 | 0400 000f 
  0x00000158732ccf60: 8748 0000 | 0089 8424 | 00f0 ffff | 8984 2400 | e0ff ff89 | 8424 00d0 | ffff 8984 | 2400 c0ff 
  0x00000158732ccf80: ff89 8424 | 00b0 ffff | 8984 2400 | a0ff ff89 | 8424 0090 | ffff 8984 | 2400 80ff | ff49 3ba7 
  0x00000158732ccfa0: e004 0000 | 7607 4989 | a7e8 0400 | 0041 c687 | 7104 0000 | 0049 ba41 | ad66 3efc | 7f00 0041 
  0x00000158732ccfc0: 803a 000f | 843e 0000 | 0048 8b55 | e849 8bcf | 4883 ec20 | 40f6 c40f | 0f84 1900 | 0000 4883 
  0x00000158732ccfe0: ec08 48b8 | 10ee 163e | fc7f 0000 | ffd0 4883 | c408 e90c | 0000 0048 | b810 ee16 | 3efc 7f00 
  0x00000158732cd000: 00ff d048 | 83c4 2048 | 8b5d e84c | 8b5b 0845 | 0fb7 5b2e | 41c1 e303 | 492b e348 | 83ec 2048 
  0x00000158732cd020: 83e4 f04c | 8b5b 604d | 85db 0f85 | ab00 0000 | e805 0000 | 00e9 9900 | 0000 488b | d348 8d44 
  0x00000158732cd040: 2408 4c89 | 6dc0 498b | cfc5 f877 | 4989 afb0 | 0300 0049 | 8987 a003 | 0000 4883 | ec20 40f6 
  0x00000158732cd060: c40f 0f84 | 1900 0000 | 4883 ec08 | 48b8 f04d | df3d fc7f | 0000 ffd0 | 4883 c408 | e90c 0000 
  0x00000158732cd080: 0048 b8f0 | 4ddf 3dfc | 7f00 00ff | d048 83c4 | 2049 c787 | a003 0000 | 0000 0000 | 49c7 87b0 
  0x00000158732cd0a0: 0300 0000 | 0000 0049 | c787 a803 | 0000 0000 | 0000 c5f8 | 7749 837f | 0800 0f84 | 0500 0000 
  0x00000158732cd0c0: e9fb 3dff | ff4c 8b6d | c04c 8b75 | c84e 8d74 | f500 c348 | 8b5d e84c | 8b5b 6041 | ffd3 488b 
  0x00000158732cd0e0: 5de8 4889 | 4518 448b | 5b28 41f6 | c308 0f84 | 1b00 0000 | 4c8b 5b08 | 4d8b 5b08 | 4d8b 5b18 
  0x00000158732cd100: 4d8b 5b70 | 4d8b 1b4c | 895d 1048 | 8d55 1048 | 8b43 5849 | ba60 3c17 | 3efc 7f00 | 0049 3bc2 
  0x00000158732cd120: 0f85 ab00 | 0000 e805 | 0000 00e9 | 9900 0000 | 488b d348 | 8d44 2408 | 4c89 6dc0 | 498b cfc5 
  0x00000158732cd140: f877 4989 | afb0 0300 | 0049 8987 | a003 0000 | 4883 ec20 | 40f6 c40f | 0f84 1900 | 0000 4883 
  0x00000158732cd160: ec08 48b8 | f04d df3d | fc7f 0000 | ffd0 4883 | c408 e90c | 0000 0048 | b8f0 4ddf | 3dfc 7f00 
  0x00000158732cd180: 00ff d048 | 83c4 2049 | c787 a003 | 0000 0000 | 0000 49c7 | 87b0 0300 | 0000 0000 | 0049 c787 
  0x00000158732cd1a0: a803 0000 | 0000 0000 | c5f8 7749 | 837f 0800 | 0f84 0500 | 0000 e905 | 3dff ff4c | 8b6d c04c 
  0x00000158732cd1c0: 8b75 c84e | 8d74 f500 | c348 8b5d | e848 8b43 | 5849 8d8f | c003 0000 | c5f8 7749 | 89af b003 
  0x00000158732cd1e0: 0000 49ba | d8d1 2c73 | 5801 0000 | 4d89 97a8 | 0300 0049 | 89a7 a003 | 0000 41c7 | 8744 0400 
  0x00000158732cd200: 0004 0000 | 00ff d0c5 | f877 4883 | ec10 c5fb | 1104 2448 | 83ec 1048 | 8904 2448 | c744 2408 
  0x00000158732cd220: 0000 0000 | 41c7 8744 | 0400 0005 | 0000 00f0 | 8344 24c0 | 0049 3baf | 4804 0000 | 0f87 0e00 
  0x00000158732cd240: 0000 4183 | bf40 0400 | 0000 0f84 | 2000 0000 | 498b cf4c | 8be4 4883 | ec20 4883 | e4f0 48b8 
  0x00000158732cd260: 90a9 e03d | fc7f 0000 | ffd0 498b | e44d 33e4 | 41c7 8744 | 0400 0008 | 0000 0049 | c787 a003 
  0x00000158732cd280: 0000 0000 | 0000 49c7 | 87b0 0300 | 0000 0000 | 0049 c787 | a803 0000 | 0000 0000 | c5f8 774d 
  0x00000158732cd2a0: 8b9f 3004 | 0000 41c7 | 8300 0100 | 0000 0000 | 0049 bbda | a52c 7358 | 0100 004c | 3b5d 180f 
  0x00000158732cd2c0: 8524 0200 | 0048 8b04 | 2448 83c4 | 1048 85c0 | 0f84 fe01 | 0000 a803 | 0f85 0800 | 0000 488b 
  0x00000158732cd2e0: 00e9 ee01 | 0000 a801 | 0f85 0900 | 0000 488b | 40fe e9dd | 0100 0048 | 8b40 ff41 | 807f 3800 
  0x00000158732cd300: 0f84 ce01 | 0000 4883 | f800 0f84 | c401 0000 | 4d8b 5f28 | 4983 fb00 | 0f84 1400 | 0000 4983 
  0x00000158732cd320: eb08 4d89 | 5f28 4d03 | 5f30 4989 | 03e9 a201 | 0000 4881 | ecd0 0000 | 0048 8904 | 2448 894c 
  0x00000158732cd340: 2408 4889 | 5424 1048 | 8974 2418 | 4889 7c24 | 204c 8944 | 2428 4c89 | 4c24 304c | 8954 2438 
  0x00000158732cd360: 4c89 5c24 | 40c5 fb11 | 4424 50c5 | fb11 4c24 | 58c5 fb11 | 5424 60c5 | fb11 5c24 | 68c5 fb11 
  0x00000158732cd380: 6424 70c5 | fb11 6c24 | 78c5 fb11 | b424 8000 | 0000 c5fb | 11bc 2488 | 0000 00c5 | 7b11 8424 
  0x00000158732cd3a0: 9000 0000 | c57b 118c | 2498 0000 | 00c5 7b11 | 9424 a000 | 0000 c57b | 119c 24a8 | 0000 00c5 
  0x00000158732cd3c0: 7b11 a424 | b000 0000 | c57b 11ac | 24b8 0000 | 00c5 7b11 | b424 c000 | 0000 c57b | 11bc 24c8 
  0x00000158732cd3e0: 0000 0049 | 8bd7 488b | c848 83ec | 2040 f6c4 | 0f0f 8419 | 0000 0048 | 83ec 0848 | b8e0 07d4 
  0x00000158732cd400: 3dfc 7f00 | 00ff d048 | 83c4 08e9 | 0c00 0000 | 48b8 e007 | d43d fc7f | 0000 ffd0 | 4883 c420 
  0x00000158732cd420: c57b 10bc | 24c8 0000 | 00c5 7b10 | b424 c000 | 0000 c57b | 10ac 24b8 | 0000 00c5 | 7b10 a424 
  0x00000158732cd440: b000 0000 | c57b 109c | 24a8 0000 | 00c5 7b10 | 9424 a000 | 0000 c57b | 108c 2498 | 0000 00c5 
  0x00000158732cd460: 7b10 8424 | 9000 0000 | c5fb 10bc | 2488 0000 | 00c5 fb10 | b424 8000 | 0000 c5fb | 106c 2478 
  0x00000158732cd480: c5fb 1064 | 2470 c5fb | 105c 2468 | c5fb 1054 | 2460 c5fb | 104c 2458 | c5fb 1044 | 2450 4c8b 
  0x00000158732cd4a0: 5c24 404c | 8b54 2438 | 4c8b 4c24 | 304c 8b44 | 2428 488b | 7c24 2048 | 8b74 2418 | 488b 5424 
  0x00000158732cd4c0: 1048 8b4c | 2408 488b | 0424 4881 | c4d0 0000 | 00c5 f877 | 4889 4510 | 4883 ec10 | 4889 0424 
  0x00000158732cd4e0: 48c7 4424 | 0800 0000 | 0041 83bf | c804 0000 | 020f 85bf | 0000 0048 | 81ec 8000 | 0000 4889 
  0x00000158732cd500: 4424 7848 | 894c 2470 | 4889 5424 | 6848 895c | 2460 4889 | 6c24 5048 | 8974 2448 | 4889 7c24 
  0x00000158732cd520: 404c 8944 | 2438 4c89 | 4c24 304c | 8954 2428 | 4c89 5c24 | 204c 8964 | 2418 4c89 | 6c24 104c 
  0x00000158732cd540: 8974 2408 | 4c89 3c24 | 4c8b e448 | 83ec 2048 | 83e4 f048 | b8c0 2217 | 3efc 7f00 | 00ff d049 
  0x00000158732cd560: 8be4 4c8b | 3c24 4c8b | 7424 084c | 8b6c 2410 | 4c8b 6424 | 184c 8b5c | 2420 4c8b | 5424 284c 
  0x00000158732cd580: 8b4c 2430 | 4c8b 4424 | 3848 8b7c | 2440 488b | 7424 4848 | 8b6c 2450 | 488b 5c24 | 6048 8b54 
  0x00000158732cd5a0: 2468 488b | 4c24 7048 | 8b44 2478 | 4881 c480 | 0000 004d | 33e4 488b | 5de8 4c8b | 6b08 4d8d 
  0x00000158732cd5c0: 6d38 4983 | 7f08 000f | 84bb 0000 | 00e8 0500 | 0000 e996 | 0000 0048 | 8d44 2408 | 4c89 6dc0 
  0x00000158732cd5e0: 498b cfc5 | f877 4989 | afb0 0300 | 0049 8987 | a003 0000 | 4883 ec20 | 40f6 c40f | 0f84 1900 
  0x00000158732cd600: 0000 4883 | ec08 48b8 | 006c df3d | fc7f 0000 | ffd0 4883 | c408 e90c | 0000 0048 | b800 6cdf 
  0x00000158732cd620: 3dfc 7f00 | 00ff d048 | 83c4 2049 | c787 a003 | 0000 0000 | 0000 49c7 | 87b0 0300 | 0000 0000 
  0x00000158732cd640: 0049 c787 | a803 0000 | 0000 0000 | c5f8 7749 | 837f 0800 | 0f84 0500 | 0000 e961 | 38ff ff4c 
  0x00000158732cd660: 8b6d c04c | 8b75 c84e | 8d74 f500 | c348 b940 | d53e 3efc | 7f00 0048 | 83e4 f048 | b870 4a05 
  0x00000158732cd680: 3efc 7f00 | 00ff d0f4 | 448b 5b28 | 41f6 c320 | 0f84 7901 | 0000 488d | 55a8 4c8b | 5a08 4d85 
  0x00000158732cd6a0: db0f 85bb | 0000 00e8 | 0500 0000 | e996 0000 | 0048 8d44 | 2408 4c89 | 6dc0 498b | cfc5 f877 
  0x00000158732cd6c0: 4989 afb0 | 0300 0049 | 8987 a003 | 0000 4883 | ec20 40f6 | c40f 0f84 | 1900 0000 | 4883 ec08 
  0x00000158732cd6e0: 48b8 306b | df3d fc7f | 0000 ffd0 | 4883 c408 | e90c 0000 | 0048 b830 | 6bdf 3dfc | 7f00 00ff 
  0x00000158732cd700: d048 83c4 | 2049 c787 | a003 0000 | 0000 0000 | 49c7 87b0 | 0300 0000 | 0000 0049 | c787 a803 
  0x00000158732cd720: 0000 0000 | 0000 c5f8 | 7749 837f | 0800 0f84 | 0500 0000 | e987 37ff | ff4c 8b6d | c04c 8b75 
  0x00000158732cd740: c84e 8d74 | f500 c348 | b940 d53e | 3efc 7f00 | 0048 83e4 | f048 b870 | 4a05 3efc | 7f00 00ff 
  0x00000158732cd760: d0f4 4c89 | 6dc0 4c8b | 4a08 48c7 | 4208 0000 | 0000 458b | 8718 0600 | 004f 3b4c | 07f8 0f85 
  0x00000158732cd780: 4900 0000 | 4183 af18 | 0600 0008 | 4f3b 4c07 | f00f 842a | 0000 0049 | 8b01 a802 | 0f85 1200 
  0x00000158732cd7a0: 0000 4c8b | c049 83c8 | 01f0 4d0f | b101 0f84 | 0d00 0000 | 4183 8718 | 0600 0008 | e90c 0000 
  0x00000158732cd7c0: 0049 ff8f | 5005 0000 | e93e 0000 | 004c 894a | 0848 8bca | 4883 ec20 | 40f6 c40f | 0f84 1900 
  0x00000158732cd7e0: 0000 4883 | ec08 48b8 | f03d df3d | fc7f 0000 | ffd0 4883 | c408 e90c | 0000 0048 | b8f0 3ddf 
  0x00000158732cd800: 3dfc 7f00 | 00ff d048 | 83c4 204c | 8b6d c049 | ba41 ad66 | 3efc 7f00 | 0041 803a | 000f 843e 
  0x00000158732cd820: 0000 0048 | 8b55 e849 | 8bcf 4883 | ec20 40f6 | c40f 0f84 | 1900 0000 | 4883 ec08 | 48b8 10ee 
  0x00000158732cd840: 163e fc7f | 0000 ffd0 | 4883 c408 | e90c 0000 | 0048 b810 | ee16 3efc | 7f00 00ff | d048 83c4 
  0x00000158732cd860: 2048 8b04 | 2448 83c4 | 10c5 fb10 | 0424 4883 | c410 4c8b | 5d18 41ff | d34c 8b5d | f8c9 5f49 
  0x00000158732cd880: 8be3 ffe7 | ba00 0000 | 00e8 0500 | 0000 e996 | 0000 0048 | 8d44 2408 | 4c89 6dc0 | 498b cfc5 
  0x00000158732cd8a0: f877 4989 | afb0 0300 | 0049 8987 | a003 0000 | 4883 ec20 | 40f6 c40f | 0f84 1900 | 0000 4883 
  0x00000158732cd8c0: ec08 48b8 | a031 df3d | fc7f 0000 | ffd0 4883 | c408 e90c | 0000 0048 | b8a0 31df | 3dfc 7f00 
  0x00000158732cd8e0: 00ff d048 | 83c4 2049 | c787 a003 | 0000 0000 | 0000 49c7 | 87b0 0300 | 0000 0000 | 0049 c787 
  0x00000158732cd900: a803 0000 | 0000 0000 | c5f8 7749 | 837f 0800 | 0f84 0500 | 0000 e9a5 | 35ff ff4c | 8b6d c04c 
  0x00000158732cd920: 8b75 c84e | 8d74 f500 | c348 8b5d | e8e9 26f6 | ffff 660f | 1f44 0000 
[/MachCode]

---------------  P R O C E S S  ---------------

Threads class SMR info:
_java_thread_list=0x00000158c7a79700, length=18, elements={
0x00000158623c8b50, 0x00000158623c91d0, 0x00000158623c9850, 0x00000158623c9ed0,
0x00000158635f53d0, 0x00000158635f7450, 0x00000158635f5a50, 0x000001586238b590,
0x000001586238a150, 0x00000158635f60d0, 0x00000158635f6750, 0x00000158635f6dd0,
0x00000158635f46d0, 0x00000158635fb550, 0x00000158635f9b50, 0x00000158635f8e50,
0x00000158635faed0, 0x00000158c72e3dd0
}

Java Threads: ( => current thread )
  0x00000158623c8b50 JavaThread "main"                              [_thread_blocked, id=17544, stack(0x000000378d800000,0x000000378d9f0000) (1984K)]
  0x00000158623c91d0 JavaThread "Reference Handler"          daemon [_thread_blocked, id=18816, stack(0x0000003791030000,0x0000003791220000) (1984K)]
  0x00000158623c9850 JavaThread "Finalizer"                  daemon [_thread_blocked, id=15356, stack(0x0000003791220000,0x0000003791410000) (1984K)]
  0x00000158623c9ed0 JavaThread "Signal Dispatcher"          daemon [_thread_blocked, id=2436, stack(0x0000003791410000,0x0000003791600000) (1984K)]
  0x00000158635f53d0 JavaThread "Attach Listener"            daemon [_thread_blocked, id=13324, stack(0x0000003791600000,0x00000037917f0000) (1984K)]
  0x00000158635f7450 JavaThread "Service Thread"             daemon [_thread_blocked, id=14748, stack(0x00000037917f0000,0x00000037919e0000) (1984K)]
  0x00000158635f5a50 JavaThread "Monitor Deflation Thread"   daemon [_thread_blocked, id=11292, stack(0x00000037919e0000,0x0000003791bd0000) (1984K)]
  0x000001586238b590 JavaThread "C2 CompilerThread0"         daemon [_thread_blocked, id=22144, stack(0x0000003791bd0000,0x0000003791dc0000) (1984K)]
  0x000001586238a150 JavaThread "C1 CompilerThread0"         daemon [_thread_blocked, id=17452, stack(0x0000003791dc0000,0x0000003791fb0000) (1984K)]
  0x00000158635f60d0 JavaThread "Notification Thread"        daemon [_thread_blocked, id=12124, stack(0x00000037921a0000,0x0000003792390000) (1984K)]
  0x00000158635f6750 JavaThread "Common-Cleaner"             daemon [_thread_blocked, id=10040, stack(0x0000003792390000,0x0000003792580000) (1984K)]
=>0x00000158635f6dd0 JavaThread "Python Reference Queue"     daemon [_thread_in_native, id=8976, stack(0x0000003792b50000,0x0000003792d40000) (1984K)]
  0x00000158635f46d0 JavaThread "Thread-1"                   daemon [_thread_in_native, id=20264, stack(0x0000003792d40000,0x0000003792f30000) (1984K)]
  0x00000158635fb550 JavaThread "Thread-2"                   daemon [_thread_in_native, id=17396, stack(0x0000003791fb0000,0x00000037921a0000) (1984K)]
  0x00000158635f9b50 JavaThread "Thread-3"                   daemon [_thread_in_native, id=19008, stack(0x0000003791fb0000,0x00000037921a0000) (1984K)]
  0x00000158635f8e50 JavaThread "Thread-4"                   daemon [_thread_in_native, id=5032, stack(0x0000003791fb0000,0x00000037921a0000) (1984K)]
  0x00000158635faed0 JavaThread "Thread-5"                   daemon [_thread_in_native, id=7528, stack(0x0000003791fb0000,0x00000037921a0000) (1984K)]
  0x00000158c72e3dd0 JavaThread "Thread-0"                          [_thread_blocked, id=1936, stack(0x0000003791fb0000,0x00000037921a0000) (1984K)]
Total: 18

Other Threads:
  0x000001586238f480 VMThread "VM Thread"                           [id=18740, stack(0x0000003790e40000,0x0000003791030000) (1984K)]
  0x0000015861ffdbc0 WatcherThread "VM Periodic Task Thread"        [id=6664, stack(0x0000003790c50000,0x0000003790e40000) (1984K)]
  0x000001586238dec0 WorkerThread "GC Thread#0"                     [id=1440, stack(0x000000378fcd0000,0x000000378fec0000) (1984K)]
  0x000001586238e260 WorkerThread "GC Thread#1"                     [id=1624, stack(0x0000003792f30000,0x0000003793120000) (1984K)]
  0x000001586238e600 WorkerThread "GC Thread#2"                     [id=14804, stack(0x0000003793120000,0x0000003793310000) (1984K)]
  0x000001586238fbc0 WorkerThread "GC Thread#3"                     [id=12916, stack(0x0000003793310000,0x0000003793500000) (1984K)]
  0x000001586238e9a0 WorkerThread "GC Thread#4"                     [id=5208, stack(0x0000003793500000,0x00000037936f0000) (1984K)]
  0x000001586238ff60 WorkerThread "GC Thread#5"                     [id=22332, stack(0x00000037936f0000,0x00000037938e0000) (1984K)]
  0x000001587ff77bc0 WorkerThread "GC Thread#6"                     [id=20580, stack(0x00000037938e0000,0x0000003793ad0000) (1984K)]
  0x000001587ff78a40 WorkerThread "GC Thread#7"                     [id=12876, stack(0x0000003793ad0000,0x0000003793cc0000) (1984K)]
  0x000001587ff76d40 WorkerThread "GC Thread#8"                     [id=18976, stack(0x0000003793cc0000,0x0000003793eb0000) (1984K)]
  0x000001587ff78300 WorkerThread "GC Thread#9"                     [id=14808, stack(0x0000003792770000,0x0000003792960000) (1984K)]
  0x000001587ff75780 WorkerThread "GC Thread#10"                    [id=21852, stack(0x0000003792960000,0x0000003792b50000) (1984K)]
  0x000001587ff75b20 WorkerThread "GC Thread#11"                    [id=7580, stack(0x0000003794e30000,0x0000003795020000) (1984K)]
  0x00000158626a9100 ConcurrentGCThread "G1 Main Marker"            [id=18116, stack(0x0000003790490000,0x0000003790680000) (1984K)]
  0x000001586238f0e0 WorkerThread "G1 Conc#0"                       [id=8828, stack(0x0000003790680000,0x0000003790870000) (1984K)]
  0x00000158623bd720 ConcurrentGCThread "G1 Refine#0"               [id=13780, stack(0x0000003790870000,0x0000003790a60000) (1984K)]
  0x00000158623bbda0 ConcurrentGCThread "G1 Service"                [id=4016, stack(0x0000003790a60000,0x0000003790c50000) (1984K)]
Total: 18

Threads with active compile tasks:
Total: 0

VM state: not at safepoint (normal execution)

VM Mutex/Monitor currently owned by a thread: None

Heap address: 0x0000000705e00000, size: 4002 MB, Compressed Oops mode: Zero based, Oop shift amount: 3

CDS archive(s) mapped at: [0x0000015881000000-0x0000015881d70000-0x0000015881d70000), size 14090240, SharedBaseAddress: 0x0000015881000000, ArchiveRelocationMode: 1.
Compressed class space mapped at: 0x0000015882000000-0x00000158c2000000, reserved size: 1073741824
Narrow klass base: 0x0000015881000000, Narrow klass shift: 0, Narrow klass range: 0x41000000

GC Precious Log:
 CardTable entry size: 512
 Card Set container configuration: InlinePtr #cards 4 size 8 Array Of Cards #cards 16 size 48 Howl #buckets 8 coarsen threshold 3686 Howl Bitmap #cards 512 size 80 coarsen threshold 460 Card regions per heap region 1 cards per card region 4096
 CPUs: 16 total, 16 available
 Memory: 16005M
 Large Page Support: Disabled
 NUMA Support: Disabled
 Compressed Oops: Enabled (Zero based)
 Heap Region Size: 2M
 Heap Min Capacity: 8M
 Heap Initial Capacity: 252M
 Heap Max Capacity: 4002M
 Pre-touch: Disabled
 Parallel Workers: 13
 Concurrent Workers: 3
 Concurrent Refinement Workers: 13
 Periodic GC: Disabled

Heap:
 garbage-first heap   total reserved 4098048K, committed 28672K, used 11787K [0x0000000705e00000, 0x0000000800000000)
  region size 2048K, 3 young (6144K), 1 survivors (2048K)
 Metaspace       used 7307K, committed 7552K, reserved 1114112K
  class space    used 704K, committed 832K, reserved 1048576K

Heap Regions: E=young(eden), S=young(survivor), O=old, HS=humongous(starts), HC=humongous(continues), CS=collection set, F=free, TAMS=top-at-mark-start, PB=parsable bottom
|   0|0x0000000705e00000, 0x0000000705fffff8, 0x0000000706000000| 99%| O|  |TAMS 0x0000000705e00000| PB 0x0000000705e00000| Untracked |  0
|   1|0x0000000706000000, 0x00000007061fffe0, 0x0000000706200000| 99%| O|  |TAMS 0x0000000706000000| PB 0x0000000706000000| Untracked |  0
|   2|0x0000000706200000, 0x0000000706400000, 0x0000000706400000|100%| O|  |TAMS 0x0000000706200000| PB 0x0000000706200000| Untracked |  0
|   3|0x0000000706400000, 0x00000007065045e0, 0x0000000706600000| 50%| O|  |TAMS 0x0000000706400000| PB 0x0000000706400000| Untracked |  0
|   4|0x0000000706600000, 0x000000070678a710, 0x0000000706800000| 77%| O|  |TAMS 0x0000000706600000| PB 0x0000000706600000| Untracked |  0
|   5|0x0000000706800000, 0x0000000706800000, 0x0000000706a00000|  0%| F|  |TAMS 0x0000000706800000| PB 0x0000000706800000| Untracked |  0
|   6|0x0000000706a00000, 0x0000000706a00000, 0x0000000706c00000|  0%| F|  |TAMS 0x0000000706a00000| PB 0x0000000706a00000| Untracked |  0
|   7|0x0000000706c00000, 0x0000000706c00000, 0x0000000706e00000|  0%| F|  |TAMS 0x0000000706c00000| PB 0x0000000706c00000| Untracked |  0
|   8|0x0000000706e00000, 0x0000000706ef42d8, 0x0000000707000000| 47%| S|CS|TAMS 0x0000000706e00000| PB 0x0000000706e00000| Complete |  0
|   9|0x0000000707000000, 0x0000000707000000, 0x0000000707200000|  0%| F|  |TAMS 0x0000000707000000| PB 0x0000000707000000| Untracked |  0
|  10|0x0000000707200000, 0x0000000707200000, 0x0000000707400000|  0%| F|  |TAMS 0x0000000707200000| PB 0x0000000707200000| Untracked |  0
|  11|0x0000000707400000, 0x0000000707400000, 0x0000000707600000|  0%| F|  |TAMS 0x0000000707400000| PB 0x0000000707400000| Untracked |  0
|  12|0x0000000707600000, 0x00000007077dca98, 0x0000000707800000| 93%| E|  |TAMS 0x0000000707600000| PB 0x0000000707600000| Complete |  0
|  13|0x0000000707800000, 0x0000000707a00000, 0x0000000707a00000|100%| E|CS|TAMS 0x0000000707800000| PB 0x0000000707800000| Complete |  0

Card table byte_map: [0x000001587ae70000,0x000001587b650000] _byte_map_base: 0x0000015877641000

Marking Bits: (CMBitMap*) 0x0000015861febb60
 Bits: [0x000001587b650000, 0x000001587f4d8000)

Polling page: 0x000001585f7d0000

Metaspace:

Usage:
  Non-class:      6.45 MB used.
      Class:    704.40 KB used.
       Both:      7.14 MB used.

Virtual space:
  Non-class space:       64.00 MB reserved,       6.56 MB ( 10%) committed,  1 nodes.
      Class space:        1.00 GB reserved,     832.00 KB ( <1%) committed,  1 nodes.
             Both:        1.06 GB reserved,       7.38 MB ( <1%) committed. 

Chunk freelists:
   Non-Class:  8.90 MB
       Class:  15.12 MB
        Both:  24.02 MB

MaxMetaspaceSize: unlimited
CompressedClassSpaceSize: 1.00 GB
Initial GC threshold: 21.00 MB
Current GC threshold: 21.00 MB
CDS: on
 - commit_granule_bytes: 65536.
 - commit_granule_words: 8192.
 - virtual_space_node_default_size: 8388608.
 - enlarge_chunks_in_place: 1.
 - use_allocation_guard: 0.


Internal statistics:

num_allocs_failed_limit: 0.
num_arena_births: 136.
num_arena_deaths: 0.
num_vsnodes_births: 2.
num_vsnodes_deaths: 0.
num_space_committed: 118.
num_space_uncommitted: 0.
num_chunks_returned_to_freelist: 0.
num_chunks_taken_from_freelist: 251.
num_chunk_merges: 0.
num_chunk_splits: 165.
num_chunks_enlarged: 103.
num_inconsistent_stats: 0.

CodeHeap 'non-profiled nmethods': size=119232Kb used=1234Kb max_used=1234Kb free=117997Kb
 bounds [0x0000015873a00000, 0x0000015873c70000, 0x000001587ae70000]
CodeHeap 'profiled nmethods': size=119104Kb used=3218Kb max_used=3218Kb free=115886Kb
 bounds [0x000001586be70000, 0x000001586c1a0000, 0x00000158732c0000]
CodeHeap 'non-nmethods': size=7424Kb used=1480Kb max_used=3200Kb free=5943Kb
 bounds [0x00000158732c0000, 0x00000158735f0000, 0x0000015873a00000]
CodeCache: size=245760Kb, used=5932Kb, max_used=7652Kb, free=239826Kb
 total_blobs=2911, nmethods=2352, adapters=464, full_count=0
Compilation: enabled, stopped_count=0, restarted_count=0

Compilation events (20 events):
Event: 68.528 Thread 0x000001586238a150 nmethod 2470 0x000001586c192488 code [0x000001586c1925a0, 0x000001586c1926e0]
Event: 68.529 Thread 0x000001586238a150 2473       3       java.io.ObjectOutputStream$BlockDataOutputStream::writeLong (48 bytes)
Event: 68.529 Thread 0x000001586238a150 nmethod 2473 0x000001586c192788 code [0x000001586c1928e0, 0x000001586c192d00]
Event: 68.530 Thread 0x000001586238a150 2476       3       java.io.ObjectInputStream::readFields (71 bytes)
Event: 68.530 Thread 0x000001586238a150 nmethod 2476 0x000001586c192d88 code [0x000001586c192f60, 0x000001586c193670]
Event: 68.531 Thread 0x000001586238a150 2479       3       java.lang.StringLatin1::toLowerCase (155 bytes)
Event: 68.531 Thread 0x000001587f8f3490 2474       4       java.lang.StringLatin1::lastIndexOf (40 bytes)
Event: 68.531 Thread 0x000001586238a150 nmethod 2479 0x000001586c193708 code [0x000001586c1938e0, 0x000001586c1942e8]
Event: 68.531 Thread 0x000001586238a150 2478       3       java.lang.String::toLowerCase (29 bytes)
Event: 68.532 Thread 0x000001586238a150 nmethod 2478 0x000001586c194388 code [0x000001586c1944e0, 0x000001586c194798]
Event: 68.533 Thread 0x000001587f8f3490 nmethod 2474 0x0000015873b2f088 code [0x0000015873b2f180, 0x0000015873b2f288]
Event: 68.535 Thread 0x000001587f8f3490 2475       4       java.io.ObjectInputStream$BlockDataInputStream::readDoubles (148 bytes)
Event: 68.539 Thread 0x000001586238b590 nmethod 2471 0x0000015873b2f388 code [0x0000015873b2f4c0, 0x0000015873b2f9b8]
Event: 68.539 Thread 0x000001586238b590 2480 %     4       weka.classifiers.functions.MultilayerPerceptron::setClassType @ 180 (337 bytes)
Event: 68.546 Thread 0x000001587f8f3490 nmethod 2475 0x0000015873b2fa88 code [0x0000015873b2fbe0, 0x0000015873b30390]
Event: 68.548 Thread 0x000001587f8f3490 2472   !   4       java.io.ObjectOutputStream::defaultWriteFields (288 bytes)
Event: 68.555 Thread 0x000001586238b590 nmethod 2480% 0x0000015873b30488 code [0x0000015873b306e0, 0x0000015873b31680]
Event: 68.555 Thread 0x000001586238b590 2477       4       java.io.ObjectInputStream$BlockDataInputStream::currentBlockRemaining (41 bytes)
Event: 68.556 Thread 0x000001586238b590 nmethod 2477 0x0000015873b31788 code [0x0000015873b31880, 0x0000015873b31938]
Event: 68.592 Thread 0x000001587f8f3490 nmethod 2472 0x0000015873b31a88 code [0x0000015873b31da0, 0x0000015873b347a8]

GC Heap History (20 events):
Event: 0.512 GC heap before
{Heap before GC invocations=4 (full 3):
 garbage-first heap   total reserved 4098048K, committed 14336K, used 3513K [0x0000000705e00000, 0x0000000800000000)
  region size 2048K, 1 young (2048K), 0 survivors (0K)
 Metaspace       used 3057K, committed 3328K, reserved 1114112K
  class space    used 321K, committed 448K, reserved 1048576K
}
Event: 0.522 GC heap after
{Heap after GC invocations=5 (full 4):
 garbage-first heap   total reserved 4098048K, committed 14336K, used 3542K [0x0000000705e00000, 0x0000000800000000)
  region size 2048K, 0 young (0K), 0 survivors (0K)
 Metaspace       used 3057K, committed 3328K, reserved 1114112K
  class space    used 321K, committed 448K, reserved 1048576K
}
Event: 0.597 GC heap before
{Heap before GC invocations=5 (full 4):
 garbage-first heap   total reserved 4098048K, committed 14336K, used 7638K [0x0000000705e00000, 0x0000000800000000)
  region size 2048K, 2 young (4096K), 0 survivors (0K)
 Metaspace       used 3482K, committed 3648K, reserved 1114112K
  class space    used 362K, committed 448K, reserved 1048576K
}
Event: 0.598 GC heap after
{Heap after GC invocations=6 (full 4):
 garbage-first heap   total reserved 4098048K, committed 14336K, used 4065K [0x0000000705e00000, 0x0000000800000000)
  region size 2048K, 1 young (2048K), 1 survivors (2048K)
 Metaspace       used 3482K, committed 3648K, reserved 1114112K
  class space    used 362K, committed 448K, reserved 1048576K
}
Event: 0.612 GC heap before
{Heap before GC invocations=6 (full 4):
 garbage-first heap   total reserved 4098048K, committed 14336K, used 8161K [0x0000000705e00000, 0x0000000800000000)
  region size 2048K, 3 young (6144K), 1 survivors (2048K)
 Metaspace       used 3485K, committed 3648K, reserved 1114112K
  class space    used 362K, committed 448K, reserved 1048576K
}
Event: 0.613 GC heap after
{Heap after GC invocations=7 (full 4):
 garbage-first heap   total reserved 4098048K, committed 14336K, used 4435K [0x0000000705e00000, 0x0000000800000000)
  region size 2048K, 1 young (2048K), 1 survivors (2048K)
 Metaspace       used 3485K, committed 3648K, reserved 1114112K
  class space    used 362K, committed 448K, reserved 1048576K
}
Event: 0.619 GC heap before
{Heap before GC invocations=7 (full 4):
 garbage-first heap   total reserved 4098048K, committed 14336K, used 8531K [0x0000000705e00000, 0x0000000800000000)
  region size 2048K, 3 young (6144K), 1 survivors (2048K)
 Metaspace       used 3487K, committed 3648K, reserved 1114112K
  class space    used 362K, committed 448K, reserved 1048576K
}
Event: 0.621 GC heap after
{Heap after GC invocations=8 (full 4):
 garbage-first heap   total reserved 4098048K, committed 137216K, used 4872K [0x0000000705e00000, 0x0000000800000000)
  region size 2048K, 1 young (2048K), 1 survivors (2048K)
 Metaspace       used 3487K, committed 3648K, reserved 1114112K
  class space    used 362K, committed 448K, reserved 1048576K
}
Event: 0.714 GC heap before
{Heap before GC invocations=8 (full 4):
 garbage-first heap   total reserved 4098048K, committed 137216K, used 29448K [0x0000000705e00000, 0x0000000800000000)
  region size 2048K, 14 young (28672K), 1 survivors (2048K)
 Metaspace       used 3559K, committed 3712K, reserved 1114112K
  class space    used 364K, committed 448K, reserved 1048576K
}
Event: 0.725 GC heap after
{Heap after GC invocations=9 (full 5):
 garbage-first heap   total reserved 4098048K, committed 34816K, used 7185K [0x0000000705e00000, 0x0000000800000000)
  region size 2048K, 0 young (0K), 0 survivors (0K)
 Metaspace       used 3559K, committed 3712K, reserved 1114112K
  class space    used 364K, committed 448K, reserved 1048576K
}
Event: 0.752 GC heap before
{Heap before GC invocations=9 (full 5):
 garbage-first heap   total reserved 4098048K, committed 34816K, used 7185K [0x0000000705e00000, 0x0000000800000000)
  region size 2048K, 1 young (2048K), 0 survivors (0K)
 Metaspace       used 3559K, committed 3712K, reserved 1114112K
  class space    used 364K, committed 448K, reserved 1048576K
}
Event: 0.768 GC heap after
{Heap after GC invocations=10 (full 6):
 garbage-first heap   total reserved 4098048K, committed 28672K, used 7185K [0x0000000705e00000, 0x0000000800000000)
  region size 2048K, 0 young (0K), 0 survivors (0K)
 Metaspace       used 3559K, committed 3712K, reserved 1114112K
  class space    used 364K, committed 448K, reserved 1048576K
}
Event: 0.794 GC heap before
{Heap before GC invocations=10 (full 6):
 garbage-first heap   total reserved 4098048K, committed 28672K, used 7185K [0x0000000705e00000, 0x0000000800000000)
  region size 2048K, 1 young (2048K), 0 survivors (0K)
 Metaspace       used 3559K, committed 3712K, reserved 1114112K
  class space    used 364K, committed 448K, reserved 1048576K
}
Event: 0.809 GC heap after
{Heap after GC invocations=11 (full 7):
 garbage-first heap   total reserved 4098048K, committed 28672K, used 7185K [0x0000000705e00000, 0x0000000800000000)
  region size 2048K, 0 young (0K), 0 survivors (0K)
 Metaspace       used 3559K, committed 3712K, reserved 1114112K
  class space    used 364K, committed 448K, reserved 1048576K
}
Event: 37.529 GC heap before
{Heap before GC invocations=11 (full 7):
 garbage-first heap   total reserved 4098048K, committed 28672K, used 19473K [0x0000000705e00000, 0x0000000800000000)
  region size 2048K, 6 young (12288K), 0 survivors (0K)
 Metaspace       used 5393K, committed 5568K, reserved 1114112K
  class space    used 533K, committed 640K, reserved 1048576K
}
Event: 37.533 GC heap after
{Heap after GC invocations=12 (full 7):
 garbage-first heap   total reserved 4098048K, committed 28672K, used 9015K [0x0000000705e00000, 0x0000000800000000)
  region size 2048K, 1 young (2048K), 1 survivors (2048K)
 Metaspace       used 5393K, committed 5568K, reserved 1114112K
  class space    used 533K, committed 640K, reserved 1048576K
}
Event: 60.949 GC heap before
{Heap before GC invocations=12 (full 7):
 garbage-first heap   total reserved 4098048K, committed 28672K, used 15159K [0x0000000705e00000, 0x0000000800000000)
  region size 2048K, 5 young (10240K), 1 survivors (2048K)
 Metaspace       used 7072K, committed 7296K, reserved 1114112K
  class space    used 691K, committed 768K, reserved 1048576K
}
Event: 60.953 GC heap after
{Heap after GC invocations=13 (full 7):
 garbage-first heap   total reserved 4098048K, committed 28672K, used 9898K [0x0000000705e00000, 0x0000000800000000)
  region size 2048K, 1 young (2048K), 1 survivors (2048K)
 Metaspace       used 7072K, committed 7296K, reserved 1114112K
  class space    used 691K, committed 768K, reserved 1048576K
}
Event: 66.012 GC heap before
{Heap before GC invocations=13 (full 7):
 garbage-first heap   total reserved 4098048K, committed 28672K, used 16042K [0x0000000705e00000, 0x0000000800000000)
  region size 2048K, 5 young (10240K), 1 survivors (2048K)
 Metaspace       used 7274K, committed 7552K, reserved 1114112K
  class space    used 702K, committed 832K, reserved 1048576K
}
Event: 66.015 GC heap after
{Heap after GC invocations=14 (full 7):
 garbage-first heap   total reserved 4098048K, committed 28672K, used 9739K [0x0000000705e00000, 0x0000000800000000)
  region size 2048K, 1 young (2048K), 1 survivors (2048K)
 Metaspace       used 7274K, committed 7552K, reserved 1114112K
  class space    used 702K, committed 832K, reserved 1048576K
}

Dll operation events (7 events):
Event: 0.006 Loaded shared library C:\Program Files\Java\jdk-23\bin\java.dll
Event: 0.038 Loaded shared library C:\Program Files\Java\jdk-23\bin\jsvml.dll
Event: 0.062 Loaded shared library C:\Program Files\Java\jdk-23\bin\net.dll
Event: 0.064 Loaded shared library C:\Program Files\Java\jdk-23\bin\nio.dll
Event: 0.070 Loaded shared library C:\Program Files\Java\jdk-23\bin\zip.dll
Event: 0.148 Loaded shared library C:\Users\Ciber-2\AppData\Local\Packages\PythonSoftwareFoundation.Python.3.12_qbz5n2kfra8p0\LocalCache\local-packages\Python312\site-packages\_jpype.cp312-win_amd64.pyd
Event: 0.352 Loaded shared library C:\Program Files\Java\jdk-23\bin\jimage.dll

Deoptimization events (20 events):
Event: 66.918 Thread 0x00000158635faed0 Uncommon trap: trap_request=0xffffffd6 fr.pc=0x0000015873b1d808 relative=0x0000000000002628
Event: 66.918 Thread 0x00000158635faed0 Uncommon trap: reason=array_check action=maybe_recompile pc=0x0000015873b1d808 method=java.io.ObjectInputStream.readArray(Z)Ljava/lang/Object; @ 407 c2
Event: 66.918 Thread 0x00000158635faed0 DEOPT PACKING pc=0x0000015873b1d808 sp=0x000000379219c870
Event: 66.918 Thread 0x00000158635faed0 DEOPT UNPACKING pc=0x0000015873314402 sp=0x000000379219c848 mode 2
Event: 66.918 Thread 0x00000158635faed0 Uncommon trap: trap_request=0xffffffd6 fr.pc=0x0000015873b1d808 relative=0x0000000000002628
Event: 66.918 Thread 0x00000158635faed0 Uncommon trap: reason=array_check action=maybe_recompile pc=0x0000015873b1d808 method=java.io.ObjectInputStream.readArray(Z)Ljava/lang/Object; @ 407 c2
Event: 66.918 Thread 0x00000158635faed0 DEOPT PACKING pc=0x0000015873b1d808 sp=0x000000379219c340
Event: 66.918 Thread 0x00000158635faed0 DEOPT UNPACKING pc=0x0000015873314402 sp=0x000000379219c318 mode 2
Event: 66.920 Thread 0x00000158635faed0 Uncommon trap: trap_request=0xffffffd6 fr.pc=0x0000015873b1d808 relative=0x0000000000002628
Event: 66.920 Thread 0x00000158635faed0 Uncommon trap: reason=array_check action=maybe_recompile pc=0x0000015873b1d808 method=java.io.ObjectInputStream.readArray(Z)Ljava/lang/Object; @ 407 c2
Event: 66.920 Thread 0x00000158635faed0 DEOPT PACKING pc=0x0000015873b1d808 sp=0x000000379219d7f0
Event: 66.920 Thread 0x00000158635faed0 DEOPT UNPACKING pc=0x0000015873314402 sp=0x000000379219d7c8 mode 2
Event: 66.920 Thread 0x00000158635faed0 Uncommon trap: trap_request=0xffffffd6 fr.pc=0x0000015873b1d808 relative=0x0000000000002628
Event: 66.920 Thread 0x00000158635faed0 Uncommon trap: reason=array_check action=maybe_recompile pc=0x0000015873b1d808 method=java.io.ObjectInputStream.readArray(Z)Ljava/lang/Object; @ 407 c2
Event: 66.920 Thread 0x00000158635faed0 DEOPT PACKING pc=0x0000015873b1d808 sp=0x000000379219dd10
Event: 66.920 Thread 0x00000158635faed0 DEOPT UNPACKING pc=0x0000015873314402 sp=0x000000379219dce8 mode 2
Event: 68.528 Thread 0x00000158635faed0 DEOPT PACKING pc=0x000001586c136ba9 sp=0x0000003792196370
Event: 68.528 Thread 0x00000158635faed0 DEOPT UNPACKING pc=0x0000015873314b22 sp=0x0000003792195848 mode 0
Event: 68.530 Thread 0x00000158635faed0 DEOPT PACKING pc=0x000001586c14266e sp=0x000000379219c2a0
Event: 68.530 Thread 0x00000158635faed0 DEOPT UNPACKING pc=0x0000015873314b22 sp=0x000000379219b830 mode 0

Classes loaded (20 events):
Event: 60.935 Loading class sun/util/logging/internal/LoggingProviderImpl$JULWrapper
Event: 60.935 Loading class sun/util/logging/internal/LoggingProviderImpl$JULWrapper done
Event: 60.936 Loading class java/io/ObjectInputFilter$Config$BuiltinFilterFactory
Event: 60.936 Loading class java/io/ObjectInputFilter$Config$BuiltinFilterFactory done
Event: 60.936 Loading class jdk/internal/access/JavaObjectInputFilterAccess
Event: 60.936 Loading class jdk/internal/access/JavaObjectInputFilterAccess done
Event: 60.936 Loading class jdk/internal/event/DeserializationEvent
Event: 60.937 Loading class jdk/internal/event/DeserializationEvent done
Event: 60.937 Loading class java/io/ObjectInputStream$FieldValues
Event: 60.937 Loading class java/io/ObjectInputStream$GetField
Event: 60.937 Loading class java/io/ObjectInputStream$GetField done
Event: 60.937 Loading class java/io/ObjectInputStream$FieldValues done
Event: 60.938 Loading class java/util/Hashtable$UnsafeHolder
Event: 60.939 Loading class java/util/Hashtable$UnsafeHolder done
Event: 60.959 Loading class java/util/HashMap$UnsafeHolder
Event: 60.959 Loading class java/util/HashMap$UnsafeHolder done
Event: 61.794 Loading class java/lang/invoke/MethodHandle$1
Event: 61.795 Loading class java/lang/invoke/MethodHandle$1 done
Event: 78.546 Loading class jdk/internal/event/ThreadSleepEvent
Event: 78.546 Loading class jdk/internal/event/ThreadSleepEvent done

Classes unloaded (0 events):
No events

Classes redefined (0 events):
No events

Internal exceptions (20 events):
Event: 37.579 Thread 0x00000158635f9b50 Exception <a 'java/lang/ClassNotFoundException'{0x000000070787e4e0}: weka/clusterers/SimpleKMeansBeanInfo> (0x000000070787e4e0) 
thrown [s\open\src\hotspot\share\classfile\systemDictionary.cpp, line 313]
Event: 37.580 Thread 0x00000158635f9b50 Exception <a 'java/lang/ClassNotFoundException'{0x000000070787fb08}: weka/clusterers/SimpleKMeansCustomizer> (0x000000070787fb08) 
thrown [s\open\src\hotspot\share\classfile\systemDictionary.cpp, line 313]
Event: 37.597 Thread 0x00000158635f9b50 Exception <a 'java/lang/ClassNotFoundException'{0x00000007078ae8f0}: weka/clusterers/RandomizableClustererBeanInfo> (0x00000007078ae8f0) 
thrown [s\open\src\hotspot\share\classfile\systemDictionary.cpp, line 313]
Event: 37.597 Thread 0x00000158635f9b50 Exception <a 'java/lang/ClassNotFoundException'{0x00000007078af630}: weka/clusterers/RandomizableClustererCustomizer> (0x00000007078af630) 
thrown [s\open\src\hotspot\share\classfile\systemDictionary.cpp, line 313]
Event: 37.597 Thread 0x00000158635f9b50 Exception <a 'java/lang/ClassNotFoundException'{0x00000007078b5b08}: weka/clusterers/AbstractClustererBeanInfo> (0x00000007078b5b08) 
thrown [s\open\src\hotspot\share\classfile\systemDictionary.cpp, line 313]
Event: 37.597 Thread 0x00000158635f9b50 Exception <a 'java/lang/ClassNotFoundException'{0x00000007078b6848}: weka/clusterers/AbstractClustererCustomizer> (0x00000007078b6848) 
thrown [s\open\src\hotspot\share\classfile\systemDictionary.cpp, line 313]
Event: 59.879 Thread 0x00000158635faed0 Exception <a 'java/lang/ClassNotFoundException'{0x00000007074714c0}: weka/classifiers/functions/MultilayerPerceptronBeanInfo> (0x00000007074714c0) 
thrown [s\open\src\hotspot\share\classfile\systemDictionary.cpp, line 313]
Event: 59.879 Thread 0x00000158635faed0 Exception <a 'java/lang/ClassNotFoundException'{0x00000007074722b0}: weka/classifiers/functions/MultilayerPerceptronCustomizer> (0x00000007074722b0) 
thrown [s\open\src\hotspot\share\classfile\systemDictionary.cpp, line 313]
Event: 59.880 Thread 0x00000158635faed0 Exception <a 'java/lang/ClassNotFoundException'{0x00000007074930a8}: weka/classifiers/AbstractClassifierBeanInfo> (0x00000007074930a8) 
thrown [s\open\src\hotspot\share\classfile\systemDictionary.cpp, line 313]
Event: 59.880 Thread 0x00000158635faed0 Exception <a 'java/lang/ClassNotFoundException'{0x0000000707493de8}: weka/classifiers/AbstractClassifierCustomizer> (0x0000000707493de8) 
thrown [s\open\src\hotspot\share\classfile\systemDictionary.cpp, line 313]
Event: 60.894 Thread 0x00000158635faed0 Exception <a 'java/lang/NoSuchMethodError'{0x0000000707255b18}: 'long java.lang.invoke.DirectMethodHandle$Holder.invokeSpecial(java.lang.Object, java.lang.Object)'> (0x0000000707255b18) 
thrown [s\open\src\hotspot\share\interpreter\linkResolver.cpp, line 796]
Event: 60.895 Thread 0x00000158635faed0 Exception <a 'java/lang/NoSuchMethodError'{0x0000000707258f58}: 'long java.lang.invoke.Invokers$Holder.invokeExact_MT(java.lang.Object, java.lang.Object)'> (0x0000000707258f58) 
thrown [s\open\src\hotspot\share\interpreter\linkResolver.cpp, line 796]
Event: 60.901 Thread 0x00000158635faed0 Exception <a 'java/lang/NoSuchMethodError'{0x000000070727eb78}: static Lweka/core/NominalAttributeInfo;.<clinit>()V> (0x000000070727eb78) 
thrown [s\open\src\hotspot\share\prims\jni.cpp, line 1111]
Event: 60.905 Thread 0x00000158635faed0 Exception <a 'java/lang/NoSuchMethodError'{0x00000007072a2bd0}: static [D.<clinit>()V> (0x00000007072a2bd0) 
thrown [s\open\src\hotspot\share\prims\jni.cpp, line 1111]
Event: 60.906 Thread 0x00000158635faed0 Exception <a 'java/lang/NoSuchMethodError'{0x00000007072a3828}: static [Lweka/classifiers/functions/MultilayerPerceptron$NeuralEnd;.<clinit>()V> (0x00000007072a3828) 
thrown [s\open\src\hotspot\share\prims\jni.cpp, line 1111]
Event: 60.907 Thread 0x00000158635faed0 Exception <a 'java/lang/NoSuchMethodError'{0x00000007072b0ee8}: static [Lweka/classifiers/functions/neural/NeuralConnection;.<clinit>()V> (0x00000007072b0ee8) 
thrown [s\open\src\hotspot\share\prims\jni.cpp, line 1111]
Event: 60.907 Thread 0x00000158635faed0 Exception <a 'java/lang/NoSuchMethodError'{0x00000007072b1980}: static [I.<clinit>()V> (0x00000007072b1980) 
thrown [s\open\src\hotspot\share\prims\jni.cpp, line 1111]
Event: 60.927 Thread 0x00000158635faed0 Exception <a 'java/lang/NoSuchMethodError'{0x000000070735c3a0}: static [J.<clinit>()V> (0x000000070735c3a0) 
thrown [s\open\src\hotspot\share\prims\jni.cpp, line 1111]
Event: 60.928 Thread 0x00000158635faed0 Exception <a 'java/lang/NoSuchMethodError'{0x0000000707368f88}: static [Z.<clinit>()V> (0x0000000707368f88) 
thrown [s\open\src\hotspot\share\prims\jni.cpp, line 1111]
Event: 78.558 Thread 0x00000158623c8b50 Exception <a 'java/lang/InterruptedException'{0x00000007077b0160}> (0x00000007077b0160) 
thrown [s\open\src\hotspot\share\runtime\objectMonitor.cpp, line 1678]

VM Operations (20 events):
Event: 8.696 Executing VM operation: HandshakeAllThreads (Deoptimize)
Event: 8.696 Executing VM operation: HandshakeAllThreads (Deoptimize) done
Event: 8.887 Executing VM operation: HandshakeAllThreads (Deoptimize)
Event: 8.887 Executing VM operation: HandshakeAllThreads (Deoptimize) done
Event: 8.893 Executing VM operation: HandshakeAllThreads (Deoptimize)
Event: 8.893 Executing VM operation: HandshakeAllThreads (Deoptimize) done
Event: 37.529 Executing VM operation: G1CollectForAllocation (G1 Evacuation Pause)
Event: 37.533 Executing VM operation: G1CollectForAllocation (G1 Evacuation Pause) done
Event: 59.884 Executing VM operation: HandshakeAllThreads (Deoptimize)
Event: 59.884 Executing VM operation: HandshakeAllThreads (Deoptimize) done
Event: 60.085 Executing VM operation: HandshakeAllThreads (HandshakeForDeflation)
Event: 60.085 Executing VM operation: HandshakeAllThreads (HandshakeForDeflation) done
Event: 60.085 Executing VM operation: RendezvousGCThreads
Event: 60.085 Executing VM operation: RendezvousGCThreads done
Event: 60.948 Executing VM operation: G1CollectForAllocation (G1 Evacuation Pause)
Event: 60.953 Executing VM operation: G1CollectForAllocation (G1 Evacuation Pause) done
Event: 66.012 Executing VM operation: G1CollectForAllocation (G1 Evacuation Pause)
Event: 66.015 Executing VM operation: G1CollectForAllocation (G1 Evacuation Pause) done
Event: 78.557 Executing VM operation: ThreadDump
Event: 78.557 Executing VM operation: ThreadDump done

Memory protections (0 events):
No events

Nmethod flushes (20 events):
Event: 0.760 Thread 0x000001586238f480 flushing  nmethod 0x000001586bf5c188
Event: 0.760 Thread 0x000001586238f480 flushing  nmethod 0x000001586bf6d508
Event: 0.760 Thread 0x000001586238f480 flushing  nmethod 0x000001586bf6e008
Event: 0.760 Thread 0x000001586238f480 flushing  nmethod 0x000001586bf86208
Event: 0.760 Thread 0x000001586238f480 flushing  nmethod 0x000001586bf8bf08
Event: 0.760 Thread 0x000001586238f480 flushing  nmethod 0x000001586bf8f308
Event: 0.760 Thread 0x000001586238f480 flushing  nmethod 0x000001586bf90088
Event: 0.760 Thread 0x000001586238f480 flushing  nmethod 0x000001586bf91088
Event: 0.760 Thread 0x000001586238f480 flushing  nmethod 0x000001586bf91408
Event: 0.760 Thread 0x000001586238f480 flushing  nmethod 0x000001586bf92f08
Event: 0.760 Thread 0x000001586238f480 flushing  nmethod 0x000001586bf93588
Event: 0.760 Thread 0x000001586238f480 flushing  nmethod 0x000001586bf94108
Event: 0.760 Thread 0x000001586238f480 flushing  nmethod 0x000001586bf96c88
Event: 0.760 Thread 0x000001586238f480 flushing  nmethod 0x000001586bf96f88
Event: 0.760 Thread 0x000001586238f480 flushing  nmethod 0x000001586bf97c08
Event: 0.760 Thread 0x000001586238f480 flushing  nmethod 0x000001586bf97f88
Event: 0.760 Thread 0x000001586238f480 flushing  nmethod 0x000001586bfa5388
Event: 0.803 Thread 0x000001586238f480 flushing  nmethod 0x000001586bebc388
Event: 0.803 Thread 0x000001586238f480 flushing  nmethod 0x000001586bf8ac08
Event: 0.803 Thread 0x000001586238f480 flushing  nmethod 0x000001586bf99b88

Events (20 events):
Event: 61.795 Thread 0x000001587f8f6a90 Thread added: 0x000001587f8f8590
Event: 62.613 Thread 0x000001587f8f8590 Thread exited: 0x000001587f8f8590
Event: 62.613 Thread 0x000001587f8f6a90 Thread exited: 0x000001587f8f6a90
Event: 62.614 Thread 0x000001587f8f2dd0 Thread exited: 0x000001587f8f2dd0
Event: 62.614 Thread 0x000001587f8f63d0 Thread exited: 0x000001587f8f63d0
Event: 62.621 Thread 0x000001587f8f5d10 Thread added: 0x000001587f8f2dd0
Event: 63.498 Thread 0x000001587f8f7150 Thread exited: 0x000001587f8f7150
Event: 63.498 Thread 0x000001587f8f3490 Thread exited: 0x000001587f8f3490
Event: 63.498 Thread 0x000001587f8f2710 Thread exited: 0x000001587f8f2710
Event: 63.510 Thread 0x000001586238a150 Thread added: 0x000001587f8f2710
Event: 64.335 Thread 0x000001587f8f2710 Thread exited: 0x000001587f8f2710
Event: 65.156 Thread 0x000001587f8f5d10 Thread exited: 0x000001587f8f5d10
Event: 65.156 Thread 0x000001587f8f2dd0 Thread exited: 0x000001587f8f2dd0
Event: 66.012 Thread 0x000001586238a150 Thread added: 0x000001587f8f3490
Event: 67.743 Thread 0x000001587f8f3490 Thread exited: 0x000001587f8f3490
Event: 68.531 Thread 0x000001586238a150 Thread added: 0x000001587f8f3490
Event: 73.602 Thread 0x000001587f8f3490 Thread exited: 0x000001587f8f3490
Event: 78.546 Thread 0x00000158623c8b50 Thread added: 0x00000158c72e3dd0
Event: 78.546 Thread 0x00000158623c8b50 Thread added: 0x00000158c72e4450
Event: 78.546 Thread 0x00000158c72e4450 Thread exited: 0x00000158c72e4450


Dynamic libraries:
0x00007ff6ee880000 - 0x00007ff6ee8a7000 	C:\Program Files\WindowsApps\PythonSoftwareFoundation.Python.3.12_3.12.2032.0_x64__qbz5n2kfra8p0\python3.12.exe
0x00007ffcde9d0000 - 0x00007ffcdebe7000 	C:\WINDOWS\SYSTEM32\ntdll.dll
0x00007ffcdd820000 - 0x00007ffcdd8e4000 	C:\WINDOWS\System32\KERNEL32.DLL
0x00007ffcdbcd0000 - 0x00007ffcdc089000 	C:\WINDOWS\System32\KERNELBASE.dll
0x00007ffcdc3e0000 - 0x00007ffcdc4f1000 	C:\WINDOWS\System32\ucrtbase.dll
0x00007ffcde5d0000 - 0x00007ffcde95f000 	C:\WINDOWS\System32\combase.dll
0x00007ffcdd680000 - 0x00007ffcdd794000 	C:\WINDOWS\System32\RPCRT4.dll
0x00007ffcddcf0000 - 0x00007ffcde566000 	C:\WINDOWS\System32\SHELL32.dll
0x00007ffcdc310000 - 0x00007ffcdc3aa000 	C:\WINDOWS\System32\msvcp_win.dll
0x00007ffcdae00000 - 0x00007ffcdae18000 	C:\WINDOWS\SYSTEM32\kernel.appcore.dll
0x00007ffcddac0000 - 0x00007ffcddc6e000 	C:\WINDOWS\System32\USER32.dll
0x00007ffcdc6f0000 - 0x00007ffcdc797000 	C:\WINDOWS\System32\msvcrt.dll
0x00007ffcdc220000 - 0x00007ffcdc246000 	C:\WINDOWS\System32\win32u.dll
0x00007ffcdd290000 - 0x00007ffcdd2b9000 	C:\WINDOWS\System32\GDI32.dll
0x00007ffcdc100000 - 0x00007ffcdc21b000 	C:\WINDOWS\System32\gdi32full.dll
0x00007ffcdd1b0000 - 0x00007ffcdd287000 	C:\WINDOWS\System32\OLEAUT32.dll
0x00007ffc7cf30000 - 0x00007ffc7d5d5000 	C:\Program Files\WindowsApps\PythonSoftwareFoundation.Python.3.12_3.12.2032.0_x64__qbz5n2kfra8p0\python312.dll
0x00007ffcdd7a0000 - 0x00007ffcdd811000 	C:\WINDOWS\System32\WS2_32.dll
0x00007ffcdc3b0000 - 0x00007ffcdc3d8000 	C:\WINDOWS\System32\bcrypt.dll
0x00007ffcdd0f0000 - 0x00007ffcdd1a2000 	C:\WINDOWS\System32\ADVAPI32.dll
0x00007ffcdc900000 - 0x00007ffcdc9a7000 	C:\WINDOWS\System32\sechost.dll
0x00007ffcd41a0000 - 0x00007ffcd41aa000 	C:\WINDOWS\SYSTEM32\VERSION.dll
0x00007ffcce5e0000 - 0x00007ffcce5fe000 	C:\Program Files\WindowsApps\PythonSoftwareFoundation.Python.3.12_3.12.2032.0_x64__qbz5n2kfra8p0\VCRUNTIME140.dll
0x00007ffcdd320000 - 0x00007ffcdd351000 	C:\WINDOWS\System32\IMM32.DLL
0x00007ffcd4840000 - 0x00007ffcd485a000 	C:\WINDOWS\SYSTEM32\windows.staterepositorycore.dll
0x00007ffcd9bd0000 - 0x00007ffcda4d3000 	C:\WINDOWS\SYSTEM32\windows.storage.dll
0x00007ffcd9a90000 - 0x00007ffcd9bcf000 	C:\WINDOWS\SYSTEM32\wintypes.dll
0x00007ffcdc9b0000 - 0x00007ffcdcaa9000 	C:\WINDOWS\System32\SHCORE.dll
0x00007ffcdc8a0000 - 0x00007ffcdc8fe000 	C:\WINDOWS\System32\shlwapi.dll
0x00007ffcdc670000 - 0x00007ffcdc6eb000 	C:\WINDOWS\System32\bcryptprimitives.dll
0x000001583fa00000 - 0x000001583fa0f000 	C:\Program Files\WindowsApps\PythonSoftwareFoundation.Python.3.12_3.12.2032.0_x64__qbz5n2kfra8p0\python3.DLL
0x00007ffcd0ec0000 - 0x00007ffcd0ec9000 	C:\Program Files\WindowsApps\PythonSoftwareFoundation.Python.3.12_3.12.2032.0_x64__qbz5n2kfra8p0\DLLs\select.pyd
0x00007ffcce5c0000 - 0x00007ffcce5d6000 	C:\Program Files\WindowsApps\PythonSoftwareFoundation.Python.3.12_3.12.2032.0_x64__qbz5n2kfra8p0\DLLs\_socket.pyd
0x00007ffcda7c0000 - 0x00007ffcda7ed000 	C:\WINDOWS\SYSTEM32\IPHLPAPI.DLL
0x00007ffccc3b0000 - 0x00007ffccc3dd000 	C:\Program Files\WindowsApps\PythonSoftwareFoundation.Python.3.12_3.12.2032.0_x64__qbz5n2kfra8p0\DLLs\_ssl.pyd
0x00007ffcdc500000 - 0x00007ffcdc666000 	C:\WINDOWS\System32\CRYPT32.dll
0x00007ffcc3f00000 - 0x00007ffcc4403000 	C:\Program Files\WindowsApps\PythonSoftwareFoundation.Python.3.12_3.12.2032.0_x64__qbz5n2kfra8p0\DLLs\libcrypto-3.dll
0x00007ffca6400000 - 0x00007ffca64c3000 	C:\Program Files\WindowsApps\PythonSoftwareFoundation.Python.3.12_3.12.2032.0_x64__qbz5n2kfra8p0\DLLs\libssl-3.dll
0x00007ffcce5a0000 - 0x00007ffcce5b5000 	C:\Program Files\WindowsApps\PythonSoftwareFoundation.Python.3.12_3.12.2032.0_x64__qbz5n2kfra8p0\DLLs\_bz2.pyd
0x00007ffccc380000 - 0x00007ffccc3a8000 	C:\Program Files\WindowsApps\PythonSoftwareFoundation.Python.3.12_3.12.2032.0_x64__qbz5n2kfra8p0\DLLs\_lzma.pyd
0x00007ffccc410000 - 0x00007ffccc419000 	C:\Users\Ciber-2\AppData\Local\Packages\PythonSoftwareFoundation.Python.3.12_qbz5n2kfra8p0\LocalCache\local-packages\Python312\site-packages\markupsafe\_speedups.cp312-win_amd64.pyd
0x00007ffccc240000 - 0x00007ffccc251000 	C:\Program Files\WindowsApps\PythonSoftwareFoundation.Python.3.12_3.12.2032.0_x64__qbz5n2kfra8p0\DLLs\_hashlib.pyd
0x00007ffccc220000 - 0x00007ffccc240000 	C:\Program Files\WindowsApps\PythonSoftwareFoundation.Python.3.12_3.12.2032.0_x64__qbz5n2kfra8p0\DLLs\_ctypes.pyd
0x00007ffcdd4d0000 - 0x00007ffcdd675000 	C:\WINDOWS\System32\ole32.dll
0x00007ffccc400000 - 0x00007ffccc40b000 	C:\Program Files\WindowsApps\PythonSoftwareFoundation.Python.3.12_3.12.2032.0_x64__qbz5n2kfra8p0\DLLs\libffi-8.dll
0x00007ffc82aa0000 - 0x00007ffc82bb7000 	C:\Program Files\WindowsApps\PythonSoftwareFoundation.Python.3.12_3.12.2032.0_x64__qbz5n2kfra8p0\DLLs\unicodedata.pyd
0x00007ffccc140000 - 0x00007ffccc180000 	C:\Program Files\WindowsApps\PythonSoftwareFoundation.Python.3.12_3.12.2032.0_x64__qbz5n2kfra8p0\DLLs\_decimal.pyd
0x00007ffccc370000 - 0x00007ffccc378000 	C:\Program Files\WindowsApps\PythonSoftwareFoundation.Python.3.12_3.12.2032.0_x64__qbz5n2kfra8p0\DLLs\_uuid.pyd
0x00007ffccc210000 - 0x00007ffccc21b000 	C:\Program Files\WindowsApps\PythonSoftwareFoundation.Python.3.12_3.12.2032.0_x64__qbz5n2kfra8p0\DLLs\_wmi.pyd
0x00007ffcd7c60000 - 0x00007ffcd7d61000 	C:\WINDOWS\SYSTEM32\PROPSYS.dll
0x00007ffccc200000 - 0x00007ffccc20c000 	C:\Program Files\WindowsApps\PythonSoftwareFoundation.Python.3.12_3.12.2032.0_x64__qbz5n2kfra8p0\VCRUNTIME140_1.dll
0x00007ffc78d30000 - 0x00007ffc79143000 	C:\Users\Ciber-2\AppData\Local\Packages\PythonSoftwareFoundation.Python.3.12_qbz5n2kfra8p0\LocalCache\local-packages\Python312\site-packages\numpy\_core\_multiarray_umath.cp312-win_amd64.pyd
0x00007ffc54a10000 - 0x00007ffc55d6d000 	C:\Users\Ciber-2\AppData\Local\Packages\PythonSoftwareFoundation.Python.3.12_qbz5n2kfra8p0\LocalCache\local-packages\Python312\site-packages\numpy.libs\libscipy_openblas64_-c16e4918366c6bc1f1cd71e28ca36fc0.dll
0x00007ffc9caf0000 - 0x00007ffc9cb8b000 	C:\Users\Ciber-2\AppData\Local\Packages\PythonSoftwareFoundation.Python.3.12_qbz5n2kfra8p0\LocalCache\local-packages\Python312\site-packages\numpy.libs\msvcp140-23ebcc0b37c8e3d074511f362feac48b.dll
0x00007ffccc110000 - 0x00007ffccc12e000 	C:\Users\Ciber-2\AppData\Local\Packages\PythonSoftwareFoundation.Python.3.12_qbz5n2kfra8p0\LocalCache\local-packages\Python312\site-packages\numpy\linalg\_umath_linalg.cp312-win_amd64.pyd
0x00007ffcca4b0000 - 0x00007ffcca4cd000 	C:\Users\Ciber-2\AppData\Local\Packages\PythonSoftwareFoundation.Python.3.12_qbz5n2kfra8p0\LocalCache\local-packages\Python312\site-packages\scipy\_lib\_ccallback_c.cp312-win_amd64.pyd
0x00007ffcc38b0000 - 0x00007ffcc3926000 	C:\Users\Ciber-2\AppData\Local\Packages\PythonSoftwareFoundation.Python.3.12_qbz5n2kfra8p0\LocalCache\local-packages\Python312\site-packages\_jpype.cp312-win_amd64.pyd
0x00007ffcc19a0000 - 0x00007ffcc1a2e000 	C:\WINDOWS\SYSTEM32\MSVCP140.dll
0x00007ffcc3430000 - 0x00007ffcc3477000 	C:\Users\Ciber-2\AppData\Local\Packages\PythonSoftwareFoundation.Python.3.12_qbz5n2kfra8p0\LocalCache\local-packages\Python312\site-packages\numpy\fft\_pocketfft_umath.cp312-win_amd64.pyd
0x00007ffcd8900000 - 0x00007ffcd89b1000 	C:\WINDOWS\system32\uxtheme.dll
0x00007ffcdcf90000 - 0x00007ffcdd040000 	C:\WINDOWS\System32\clbcatq.dll
0x00007ffcca9b0000 - 0x00007ffcca9cd000 	C:\WINDOWS\SYSTEM32\amsi.dll
0x00007ffcdb370000 - 0x00007ffcdb398000 	C:\WINDOWS\SYSTEM32\USERENV.dll
0x00007ffcdbc00000 - 0x00007ffcdbc2b000 	C:\WINDOWS\SYSTEM32\profapi.dll
0x00007ffcca920000 - 0x00007ffcca9a3000 	C:\ProgramData\Microsoft\Windows Defender\Platform\4.18.24090.11-0\MpOav.dll
0x00007ffcca480000 - 0x00007ffcca4af000 	C:\Users\Ciber-2\AppData\Local\Packages\PythonSoftwareFoundation.Python.3.12_qbz5n2kfra8p0\LocalCache\local-packages\Python312\site-packages\numpy\random\bit_generator.cp312-win_amd64.pyd
0x00007ffcb8030000 - 0x00007ffcb805d000 	C:\Users\Ciber-2\AppData\Local\Packages\PythonSoftwareFoundation.Python.3.12_qbz5n2kfra8p0\LocalCache\local-packages\Python312\site-packages\numpy\random\_common.cp312-win_amd64.pyd
0x00007ffc95920000 - 0x00007ffc959c0000 	C:\Users\Ciber-2\AppData\Local\Packages\PythonSoftwareFoundation.Python.3.12_qbz5n2kfra8p0\LocalCache\local-packages\Python312\site-packages\numpy\random\mtrand.cp312-win_amd64.pyd
0x00007ffcb3070000 - 0x00007ffcb30ac000 	C:\Users\Ciber-2\AppData\Local\Packages\PythonSoftwareFoundation.Python.3.12_qbz5n2kfra8p0\LocalCache\local-packages\Python312\site-packages\numpy\random\_bounded_integers.cp312-win_amd64.pyd
0x00007ffcc5080000 - 0x00007ffcc509a000 	C:\Users\Ciber-2\AppData\Local\Packages\PythonSoftwareFoundation.Python.3.12_qbz5n2kfra8p0\LocalCache\local-packages\Python312\site-packages\numpy\random\_mt19937.cp312-win_amd64.pyd
0x00007ffcc3410000 - 0x00007ffcc3428000 	C:\Users\Ciber-2\AppData\Local\Packages\PythonSoftwareFoundation.Python.3.12_qbz5n2kfra8p0\LocalCache\local-packages\Python312\site-packages\numpy\random\_philox.cp312-win_amd64.pyd
0x00007ffcb8010000 - 0x00007ffcb802b000 	C:\Users\Ciber-2\AppData\Local\Packages\PythonSoftwareFoundation.Python.3.12_qbz5n2kfra8p0\LocalCache\local-packages\Python312\site-packages\numpy\random\_pcg64.cp312-win_amd64.pyd
0x00007ffcb3050000 - 0x00007ffcb3064000 	C:\Users\Ciber-2\AppData\Local\Packages\PythonSoftwareFoundation.Python.3.12_qbz5n2kfra8p0\LocalCache\local-packages\Python312\site-packages\numpy\random\_sfc64.cp312-win_amd64.pyd
0x00007ffc84f20000 - 0x00007ffc84fdc000 	C:\Users\Ciber-2\AppData\Local\Packages\PythonSoftwareFoundation.Python.3.12_qbz5n2kfra8p0\LocalCache\local-packages\Python312\site-packages\numpy\random\_generator.cp312-win_amd64.pyd
0x00007ffcb13a0000 - 0x00007ffcb13c4000 	C:\Users\Ciber-2\AppData\Local\Packages\PythonSoftwareFoundation.Python.3.12_qbz5n2kfra8p0\LocalCache\local-packages\Python312\site-packages\matplotlib\_c_internal_utils.cp312-win_amd64.pyd
0x00007ffc72f70000 - 0x00007ffc731b4000 	C:\Users\Ciber-2\AppData\Local\Packages\PythonSoftwareFoundation.Python.3.12_qbz5n2kfra8p0\LocalCache\local-packages\Python312\site-packages\PIL\_imaging.cp312-win_amd64.pyd
0x00007ffcb1350000 - 0x00007ffcb139c000 	C:\Users\Ciber-2\AppData\Local\Packages\PythonSoftwareFoundation.Python.3.12_qbz5n2kfra8p0\LocalCache\local-packages\Python312\site-packages\matplotlib\_path.cp312-win_amd64.pyd
0x00007ffc825d0000 - 0x00007ffc82673000 	C:\Users\Ciber-2\AppData\Local\Packages\PythonSoftwareFoundation.Python.3.12_qbz5n2kfra8p0\LocalCache\local-packages\Python312\site-packages\matplotlib\ft2font.cp312-win_amd64.pyd
0x00007ffcb3030000 - 0x00007ffcb3050000 	C:\Users\Ciber-2\AppData\Local\Packages\PythonSoftwareFoundation.Python.3.12_qbz5n2kfra8p0\LocalCache\local-packages\Python312\site-packages\kiwisolver\_cext.cp312-win_amd64.pyd
0x00007ffca8280000 - 0x00007ffca82b2000 	C:\Program Files\WindowsApps\PythonSoftwareFoundation.Python.3.12_3.12.2032.0_x64__qbz5n2kfra8p0\DLLs\pyexpat.pyd
0x00007ffc85c50000 - 0x00007ffc85cac000 	C:\Users\Ciber-2\AppData\Local\Packages\PythonSoftwareFoundation.Python.3.12_qbz5n2kfra8p0\LocalCache\local-packages\Python312\site-packages\matplotlib\_image.cp312-win_amd64.pyd
0x00007ffcaebc0000 - 0x00007ffcaebe1000 	C:\Program Files\WindowsApps\PythonSoftwareFoundation.Python.3.12_3.12.2032.0_x64__qbz5n2kfra8p0\DLLs\_elementtree.pyd
0x00007ffccc1f0000 - 0x00007ffccc1f9000 	C:\Program Files\WindowsApps\PythonSoftwareFoundation.Python.3.12_3.12.2032.0_x64__qbz5n2kfra8p0\DLLs\_queue.pyd
0x00007ffc3da20000 - 0x00007ffc3e76f000 	C:\Program Files\Java\jdk-23\bin\server\jvm.dll
0x00007ffcdab60000 - 0x00007ffcdabad000 	C:\WINDOWS\SYSTEM32\POWRPROF.dll
0x00007ffcd4d20000 - 0x00007ffcd4d54000 	C:\WINDOWS\SYSTEM32\WINMM.dll
0x00007ffcdab40000 - 0x00007ffcdab53000 	C:\WINDOWS\SYSTEM32\UMPDC.dll
0x00007ffcca650000 - 0x00007ffcca65a000 	C:\Program Files\Java\jdk-23\bin\jimage.dll
0x00007ffcd9040000 - 0x00007ffcd9272000 	C:\WINDOWS\SYSTEM32\DBGHELP.DLL
0x00007ffcd1f80000 - 0x00007ffcd1fb2000 	C:\WINDOWS\SYSTEM32\dbgcore.DLL
0x00007ffcae720000 - 0x00007ffcae73e000 	C:\Program Files\Java\jdk-23\bin\java.dll
0x00007ffc824f0000 - 0x00007ffc825c7000 	C:\Program Files\Java\jdk-23\bin\jsvml.dll
0x00007ffcc33a0000 - 0x00007ffcc33b0000 	C:\Program Files\Java\jdk-23\bin\net.dll
0x00007ffcdb280000 - 0x00007ffcdb2e9000 	C:\WINDOWS\system32\mswsock.dll
0x00007ffcae4d0000 - 0x00007ffcae4e6000 	C:\Program Files\Java\jdk-23\bin\nio.dll
0x00007ffcacf20000 - 0x00007ffcacf37000 	C:\Program Files\Java\jdk-23\bin\zip.dll
0x00007ffcbf010000 - 0x00007ffcbf01a000 	C:\Program Files\WindowsApps\PythonSoftwareFoundation.Python.3.12_3.12.2032.0_x64__qbz5n2kfra8p0\DLLs\_multiprocessing.pyd
0x00007ffcdb4d0000 - 0x00007ffcdb4eb000 	C:\WINDOWS\SYSTEM32\CRYPTSP.dll
0x00007ffcdad60000 - 0x00007ffcdad95000 	C:\WINDOWS\system32\rsaenh.dll
0x00007ffcdb4f0000 - 0x00007ffcdb4fc000 	C:\WINDOWS\SYSTEM32\CRYPTBASE.dll
0x00007ffcdd360000 - 0x00007ffcdd369000 	C:\WINDOWS\System32\NSI.dll
0x00007ffc85970000 - 0x00007ffc859b3000 	C:\Users\Ciber-2\AppData\Local\Packages\PythonSoftwareFoundation.Python.3.12_qbz5n2kfra8p0\LocalCache\local-packages\Python312\site-packages\matplotlib\backends\_backend_agg.cp312-win_amd64.pyd
0x00007ffca8350000 - 0x00007ffca8361000 	C:\Program Files\WindowsApps\PythonSoftwareFoundation.Python.3.12_3.12.2032.0_x64__qbz5n2kfra8p0\DLLs\_tkinter.pyd
0x00007ffc7dd20000 - 0x00007ffc7de9e000 	C:\Program Files\WindowsApps\PythonSoftwareFoundation.Python.3.12_3.12.2032.0_x64__qbz5n2kfra8p0\DLLs\tk86t.dll
0x00007ffc6cd50000 - 0x00007ffc6cf0e000 	C:\Program Files\WindowsApps\PythonSoftwareFoundation.Python.3.12_3.12.2032.0_x64__qbz5n2kfra8p0\DLLs\tcl86t.dll
0x00007ffcdc7a0000 - 0x00007ffcdc89f000 	C:\WINDOWS\System32\COMDLG32.dll
0x00007ffcc0fd0000 - 0x00007ffcc0fe9000 	C:\WINDOWS\SYSTEM32\NETAPI32.dll
0x00007ffcd3ad0000 - 0x00007ffcd3d62000 	C:\WINDOWS\WinSxS\amd64_microsoft.windows.common-controls_6595b64144ccf1df_6.0.22621.4391_none_2715d37f73803e96\COMCTL32.dll
0x00007ffca8250000 - 0x00007ffca827a000 	C:\Program Files\WindowsApps\PythonSoftwareFoundation.Python.3.12_3.12.2032.0_x64__qbz5n2kfra8p0\DLLs\zlib1.dll
0x00007ffcc3eb0000 - 0x00007ffcc3ef4000 	C:\WINDOWS\SYSTEM32\LOGONCLI.DLL
0x00007ffcda7b0000 - 0x00007ffcda7bc000 	C:\WINDOWS\SYSTEM32\NETUTILS.DLL
0x00007ffcd8480000 - 0x00007ffcd8499000 	C:\WINDOWS\SYSTEM32\SAMCLI.DLL
0x00007ffca6a80000 - 0x00007ffca6aa8000 	C:\Users\Ciber-2\AppData\Local\Packages\PythonSoftwareFoundation.Python.3.12_qbz5n2kfra8p0\LocalCache\local-packages\Python312\site-packages\matplotlib\backends\_tkagg.cp312-win_amd64.pyd
0x00007ffcde980000 - 0x00007ffcde988000 	C:\WINDOWS\System32\PSAPI.DLL
0x00007ffcdd370000 - 0x00007ffcdd4d0000 	C:\WINDOWS\System32\MSCTF.dll
0x00007ffcd1cc0000 - 0x00007ffcd1ccb000 	C:\Users\Ciber-2\AppData\Local\Packages\PythonSoftwareFoundation.Python.3.12_qbz5n2kfra8p0\LocalCache\local-packages\Python312\site-packages\PIL\_imagingmath.cp312-win_amd64.pyd
0x00007ffcb1340000 - 0x00007ffcb1349000 	C:\Users\Ciber-2\AppData\Local\Packages\PythonSoftwareFoundation.Python.3.12_qbz5n2kfra8p0\LocalCache\local-packages\Python312\site-packages\PIL\_imagingtk.cp312-win_amd64.pyd
0x00007ffcc45a0000 - 0x00007ffcc46e5000 	C:\WINDOWS\SYSTEM32\textinputframework.dll
0x00007ffcd6a00000 - 0x00007ffcd6b33000 	C:\WINDOWS\SYSTEM32\CoreMessaging.dll

dbghelp: loaded successfully - version: 4.0.5 - missing functions: none
symbol engine: initialized successfully - sym options: 0x614 - pdb path: .;C:\Program Files\WindowsApps\PythonSoftwareFoundation.Python.3.12_3.12.2032.0_x64__qbz5n2kfra8p0;C:\WINDOWS\SYSTEM32;C:\Program Files\WindowsApps\PythonSoftwareFoundation.Python.3.12_3.12.2032.0_x64__qbz5n2kfra8p0\DLLs;C:\Users\Ciber-2\AppData\Local\Packages\PythonSoftwareFoundation.Python.3.12_qbz5n2kfra8p0\LocalCache\local-packages\Python312\site-packages\markupsafe;C:\Users\Ciber-2\AppData\Local\Packages\PythonSoftwareFoundation.Python.3.12_qbz5n2kfra8p0\LocalCache\local-packages\Python312\site-packages\numpy\_core;C:\Users\Ciber-2\AppData\Local\Packages\PythonSoftwareFoundation.Python.3.12_qbz5n2kfra8p0\LocalCache\local-packages\Python312\site-packages\numpy.libs;C:\Users\Ciber-2\AppData\Local\Packages\PythonSoftwareFoundation.Python.3.12_qbz5n2kfra8p0\LocalCache\local-packages\Python312\site-packages\numpy\linalg;C:\Users\Ciber-2\AppData\Local\Packages\PythonSoftwareFoundation.Python.3.12_qbz5n2kfra8p0\LocalCache\local-packages\Python312\site-packages\scipy\_lib;C:\Users\Ciber-2\AppData\Local\Packages\PythonSoftwareFoundation.Python.3.12_qbz5n2kfra8p0\LocalCache\local-packages\Python312\site-packages;C:\Users\Ciber-2\AppData\Local\Packages\PythonSoftwareFoundation.Python.3.12_qbz5n2kfra8p0\LocalCache\local-packages\Python312\site-packages\numpy\fft;C:\ProgramData\Microsoft\Windows Defender\Platform\4.18.24090.11-0;C:\Users\Ciber-2\AppData\Local\Packages\PythonSoftwareFoundation.Python.3.12_qbz5n2kfra8p0\LocalCache\local-packages\Python312\site-packages\numpy\random;C:\Users\Ciber-2\AppData\Local\Packages\PythonSoftwareFoundation.Python.3.12_qbz5n2kfra8p0\LocalCache\local-packages\Python312\site-packages\matplotlib;C:\Users\Ciber-2\AppData\Local\Packages\PythonSoftwareFoundation.Python.3.12_qbz5n2kfra8p0\LocalCache\local-packages\Python312\site-packages\PIL;C:\Users\Ciber-2\AppData\Local\Packages\PythonSoftwareFoundation.Python.3.12_qbz5n2kfra8p0\LocalCache\local-packages\Python312\site-packages\kiwisolver;C:\Program Files\Java\jdk-23\bin\server;C:\Program Files\Java\jdk-23\bin;C:\Users\Ciber-2\AppData\Local\Packages\PythonSoftwareFoundation.Python.3.12_qbz5n2kfra8p0\LocalCache\local-packages\Python312\site-packages\matplotlib\backends;C:\WINDOWS\WinSxS\amd64_microsoft.windows.common-controls_6595b64144ccf1df_6.0.22621.4391_none_2715d37f73803e96

VM Arguments:
jvm_args: -Dweka.packageManager.loadPackages=false -Djava.awt.headless=true 
java_command: <unknown>
java_class_path (initial): C:\Users\Ciber-2\AppData\Local\Packages\PythonSoftwareFoundation.Python.3.12_qbz5n2kfra8p0\LocalCache\local-packages\Python312\site-packages\weka\lib\arpack_combined.jar;C:\Users\Ciber-2\AppData\Local\Packages\PythonSoftwareFoundation.Python.3.12_qbz5n2kfra8p0\LocalCache\local-packages\Python312\site-packages\weka\lib\core.jar;C:\Users\Ciber-2\AppData\Local\Packages\PythonSoftwareFoundation.Python.3.12_qbz5n2kfra8p0\LocalCache\local-packages\Python312\site-packages\weka\lib\mtj.jar;C:\Users\Ciber-2\AppData\Local\Packages\PythonSoftwareFoundation.Python.3.12_qbz5n2kfra8p0\LocalCache\local-packages\Python312\site-packages\weka\lib\python-weka-wrapper.jar;C:\Users\Ciber-2\AppData\Local\Packages\PythonSoftwareFoundation.Python.3.12_qbz5n2kfra8p0\LocalCache\local-packages\Python312\site-packages\weka\lib\weka.jar
Launcher Type: generic

[Global flags]
     intx CICompilerCount                          = 12                                        {product} {ergonomic}
     uint ConcGCThreads                            = 3                                         {product} {ergonomic}
     uint G1ConcRefinementThreads                  = 13                                        {product} {ergonomic}
   size_t G1HeapRegionSize                         = 2097152                                   {product} {ergonomic}
   size_t InitialHeapSize                          = 264241152                                 {product} {ergonomic}
   size_t MarkStackSize                            = 4194304                                   {product} {ergonomic}
   size_t MarkStackSizeMax                         = 536870912                                 {product} {ergonomic}
   size_t MaxHeapSize                              = 4196401152                                {product} {ergonomic}
   size_t MaxNewSize                               = 2516582400                                {product} {ergonomic}
   size_t MinHeapDeltaBytes                        = 2097152                                   {product} {ergonomic}
   size_t MinHeapSize                              = 8388608                                   {product} {ergonomic}
    uintx NonNMethodCodeHeapSize                   = 7602176                                {pd product} {ergonomic}
    uintx NonProfiledCodeHeapSize                  = 122093568                              {pd product} {ergonomic}
    uintx ProfiledCodeHeapSize                     = 121962496                              {pd product} {ergonomic}
    uintx ReservedCodeCacheSize                    = 251658240                              {pd product} {ergonomic}
     bool SegmentedCodeCache                       = true                                      {product} {ergonomic}
   size_t SoftMaxHeapSize                          = 4196401152                             {manageable} {ergonomic}
     bool UseCompressedOops                        = true                           {product lp64_product} {ergonomic}
     bool UseG1GC                                  = true                                      {product} {ergonomic}
     bool UseLargePagesIndividualAllocation        = false                                  {pd product} {ergonomic}

Logging:
Log output configuration:
 #0: stdout all=warning uptime,level,tags foldmultilines=false
 #1: stderr all=off uptime,level,tags foldmultilines=false

Environment Variables:
JAVA_HOME=C:\Program Files\Java\jdk-23
PATH=C:\Program Files\Java\jdk-23\bin;C:\Program Files (x86)\Common Files\Oracle\Java\java8path;C:\Program Files (x86)\Common Files\Oracle\Java\javapath;C:\flutter\bin;C:\Program Files (x86)\Razer\ChromaBroadcast\bin;C:\Program Files\Razer\ChromaBroadcast\bin;C:\Windows\system32;C:\Windows;C:\Windows\System32\Wbem;C:\Windows\System32\WindowsPowerShell\v1.0\;C:\Windows\System32\OpenSSH\;C:\Program Files (x86)\NVIDIA Corporation\PhysX\Common;C:\Program Files\NVIDIA Corporation\NVIDIA NvDLISR;C:\WINDOWS\system32;C:\WINDOWS;C:\WINDOWS\System32\Wbem;C:\WINDOWS\System32\WindowsPowerShell\v1.0\;C:\WINDOWS\System32\OpenSSH\;C:\WINDOWS\system32\config\systemprofile\AppData\Local\Microsoft\WindowsApps;C:\Program Files\dotnet\;C:\Program Files\php-8.3.11-nts-Win32-vs16-x64;C:\Program Files\nodejs\;C:\Program Files\Git\cmd;C:\Program Files\Java\jdk-23\bin;C:\flutter\bin;C:\Users\Ciber-2\AppData\Local\Microsoft\WindowsApps;C:\Users\Ciber-2\AppData\Local\Programs\Microsoft VS Code\bin;C:\Users\Ciber-2\AppData\Roaming\npm;
USERNAME=Ciber-2
LANG=en_US.UTF-8
OS=Windows_NT
PROCESSOR_IDENTIFIER=Intel64 Family 6 Model 154 Stepping 3, GenuineIntel
TMP=C:\Users\Ciber-2\AppData\Local\Temp
TEMP=C:\Users\Ciber-2\AppData\Local\Temp




Periodic native trim disabled

---------------  S Y S T E M  ---------------

OS:
 Windows 11 , 64 bit Build 22621 (10.0.22621.4391)
OS uptime: 0 days 0:23 hours
Hyper-V role detected

CPU: total 16 (initial active 16) (8 cores per cpu, 2 threads per core) family 6 model 154 stepping 3 microcode 0x41c, cx8, cmov, fxsr, ht, mmx, 3dnowpref, sse, sse2, sse3, ssse3, sse4.1, sse4.2, popcnt, lzcnt, tsc, tscinvbit, avx, avx2, aes, erms, clmul, bmi1, bmi2, adx, sha, fma, vzeroupper, clflush, clflushopt, clwb, hv, serialize, rdtscp, rdpid, fsrm, gfni, f16c, cet_ibt, cet_ss
Processor Information for processor 0
  Max Mhz: 2300, Current Mhz: 2300, Mhz Limit: 2300
Processor Information for processor 1
  Max Mhz: 2300, Current Mhz: 2300, Mhz Limit: 2300
Processor Information for processor 2
  Max Mhz: 2300, Current Mhz: 2300, Mhz Limit: 2300
Processor Information for processor 3
  Max Mhz: 2300, Current Mhz: 2300, Mhz Limit: 2300
Processor Information for processor 4
  Max Mhz: 2300, Current Mhz: 2300, Mhz Limit: 2300
Processor Information for processor 5
  Max Mhz: 2300, Current Mhz: 2300, Mhz Limit: 2300
Processor Information for processor 6
  Max Mhz: 2300, Current Mhz: 1506, Mhz Limit: 2300
Processor Information for processor 7
  Max Mhz: 2300, Current Mhz: 2300, Mhz Limit: 2300
Processor Information for processor 8
  Max Mhz: 2300, Current Mhz: 2300, Mhz Limit: 2300
Processor Information for processor 9
  Max Mhz: 2300, Current Mhz: 2300, Mhz Limit: 2300
Processor Information for processor 10
  Max Mhz: 2300, Current Mhz: 2300, Mhz Limit: 2300
Processor Information for processor 11
  Max Mhz: 2300, Current Mhz: 2300, Mhz Limit: 2300
Processor Information for processor 12
  Max Mhz: 2300, Current Mhz: 1500, Mhz Limit: 1679
Processor Information for processor 13
  Max Mhz: 2300, Current Mhz: 1500, Mhz Limit: 1679
Processor Information for processor 14
  Max Mhz: 2300, Current Mhz: 1500, Mhz Limit: 1679
Processor Information for processor 15
  Max Mhz: 2300, Current Mhz: 1500, Mhz Limit: 1679

Memory: 4k page, system-wide physical 16005M (7807M free)
TotalPageFile size 17029M (AvailPageFile size 6268M)
current process WorkingSet (physical memory assigned to process): 203M, peak: 246M
current process commit charge ("private bytes"): 749M, peak: 916M

vm_info: Java HotSpot(TM) 64-Bit Server VM (23.0.1+11-39) for windows-amd64 JRE (23.0.1+11-39), built on 2024-09-30T07:20:43Z with MS VC++ 17.6 (VS2022)

END.
